running egg_info
creating build/py_srvcli/py_srvcli.egg-info
writing build/py_srvcli/py_srvcli.egg-info/PKG-INFO
writing dependency_links to build/py_srvcli/py_srvcli.egg-info/dependency_links.txt
writing entry points to build/py_srvcli/py_srvcli.egg-info/entry_points.txt
writing requirements to build/py_srvcli/py_srvcli.egg-info/requires.txt
writing top-level names to build/py_srvcli/py_srvcli.egg-info/top_level.txt
writing manifest file 'build/py_srvcli/py_srvcli.egg-info/SOURCES.txt'
reading manifest file 'build/py_srvcli/py_srvcli.egg-info/SOURCES.txt'
adding license file 'LICENSE'
writing manifest file 'build/py_srvcli/py_srvcli.egg-info/SOURCES.txt'
running build
running build_py
creating /home/vboxuser/ros2_ws/src/py_srvcli/build/py_srvcli/build
creating /home/vboxuser/ros2_ws/src/py_srvcli/build/py_srvcli/build/lib
creating /home/vboxuser/ros2_ws/src/py_srvcli/build/py_srvcli/build/lib/py_srvcli
copying py_srvcli/__init__.py -> /home/vboxuser/ros2_ws/src/py_srvcli/build/py_srvcli/build/lib/py_srvcli
copying py_srvcli/client_member_function.py -> /home/vboxuser/ros2_ws/src/py_srvcli/build/py_srvcli/build/lib/py_srvcli
copying py_srvcli/TwinCAT_Add_Route.py -> /home/vboxuser/ros2_ws/src/py_srvcli/build/py_srvcli/build/lib/py_srvcli
copying py_srvcli/service_member_function.py -> /home/vboxuser/ros2_ws/src/py_srvcli/build/py_srvcli/build/lib/py_srvcli
running install
running install_lib
creating /home/vboxuser/ros2_ws/src/py_srvcli/install/py_srvcli/lib/python3.10/site-packages/py_srvcli
copying /home/vboxuser/ros2_ws/src/py_srvcli/build/py_srvcli/build/lib/py_srvcli/__init__.py -> /home/vboxuser/ros2_ws/src/py_srvcli/install/py_srvcli/lib/python3.10/site-packages/py_srvcli
copying /home/vboxuser/ros2_ws/src/py_srvcli/build/py_srvcli/build/lib/py_srvcli/client_member_function.py -> /home/vboxuser/ros2_ws/src/py_srvcli/install/py_srvcli/lib/python3.10/site-packages/py_srvcli
copying /home/vboxuser/ros2_ws/src/py_srvcli/build/py_srvcli/build/lib/py_srvcli/TwinCAT_Add_Route.py -> /home/vboxuser/ros2_ws/src/py_srvcli/install/py_srvcli/lib/python3.10/site-packages/py_srvcli
copying /home/vboxuser/ros2_ws/src/py_srvcli/build/py_srvcli/build/lib/py_srvcli/service_member_function.py -> /home/vboxuser/ros2_ws/src/py_srvcli/install/py_srvcli/lib/python3.10/site-packages/py_srvcli
byte-compiling /home/vboxuser/ros2_ws/src/py_srvcli/install/py_srvcli/lib/python3.10/site-packages/py_srvcli/__init__.py to __init__.cpython-310.pyc
byte-compiling /home/vboxuser/ros2_ws/src/py_srvcli/install/py_srvcli/lib/python3.10/site-packages/py_srvcli/client_member_function.py to client_member_function.cpython-310.pyc
byte-compiling /home/vboxuser/ros2_ws/src/py_srvcli/install/py_srvcli/lib/python3.10/site-packages/py_srvcli/TwinCAT_Add_Route.py to TwinCAT_Add_Route.cpython-310.pyc
byte-compiling /home/vboxuser/ros2_ws/src/py_srvcli/install/py_srvcli/lib/python3.10/site-packages/py_srvcli/service_member_function.py to service_member_function.cpython-310.pyc
running install_data
creating /home/vboxuser/ros2_ws/src/py_srvcli/install/py_srvcli/share/ament_index
creating /home/vboxuser/ros2_ws/src/py_srvcli/install/py_srvcli/share/ament_index/resource_index
creating /home/vboxuser/ros2_ws/src/py_srvcli/install/py_srvcli/share/ament_index/resource_index/packages
copying resource/py_srvcli -> /home/vboxuser/ros2_ws/src/py_srvcli/install/py_srvcli/share/ament_index/resource_index/packages
copying package.xml -> /home/vboxuser/ros2_ws/src/py_srvcli/install/py_srvcli/share/py_srvcli
running install_egg_info
Copying build/py_srvcli/py_srvcli.egg-info to /home/vboxuser/ros2_ws/src/py_srvcli/install/py_srvcli/lib/python3.10/site-packages/py_srvcli-0.0.0-py3.10.egg-info
running install_scripts
Installing TwinCAT_Add_Route script to /home/vboxuser/ros2_ws/src/py_srvcli/install/py_srvcli/lib/py_srvcli
Installing client script to /home/vboxuser/ros2_ws/src/py_srvcli/install/py_srvcli/lib/py_srvcli
Installing service script to /home/vboxuser/ros2_ws/src/py_srvcli/install/py_srvcli/lib/py_srvcli
writing list of installed files to '/home/vboxuser/ros2_ws/src/py_srvcli/build/py_srvcli/install.log'
