[0.809s] Invoking command in '/home/vboxuser/ros2_ws/src/py_srvcli': PYTHONPATH=/home/vboxuser/ros2_ws/src/py_srvcli/build/py_srvcli/prefix_override:/usr/lib/python3/dist-packages/colcon_core/task/python/colcon_distutils_commands:/home/vboxuser/ros2_ws/src/py_srvcli/install/py_srvcli/lib/python3.10/site-packages:${PYTHONPATH} /usr/bin/python3 -W ignore:setup.py install is deprecated -W ignore:easy_install command is deprecated setup.py egg_info --egg-base build/py_srvcli build --build-base /home/vboxuser/ros2_ws/src/py_srvcli/build/py_srvcli/build install --record /home/vboxuser/ros2_ws/src/py_srvcli/build/py_srvcli/install.log --single-version-externally-managed install_data
[1.136s] running egg_info
[1.136s] creating build/py_srvcli/py_srvcli.egg-info
[1.138s] writing build/py_srvcli/py_srvcli.egg-info/PKG-INFO
[1.138s] writing dependency_links to build/py_srvcli/py_srvcli.egg-info/dependency_links.txt
[1.139s] writing entry points to build/py_srvcli/py_srvcli.egg-info/entry_points.txt
[1.139s] writing requirements to build/py_srvcli/py_srvcli.egg-info/requires.txt
[1.139s] writing top-level names to build/py_srvcli/py_srvcli.egg-info/top_level.txt
[1.139s] writing manifest file 'build/py_srvcli/py_srvcli.egg-info/SOURCES.txt'
[1.140s] reading manifest file 'build/py_srvcli/py_srvcli.egg-info/SOURCES.txt'
[1.140s] adding license file 'LICENSE'
[1.140s] writing manifest file 'build/py_srvcli/py_srvcli.egg-info/SOURCES.txt'
[1.141s] running build
[1.141s] running build_py
[1.141s] creating /home/vboxuser/ros2_ws/src/py_srvcli/build/py_srvcli/build
[1.141s] creating /home/vboxuser/ros2_ws/src/py_srvcli/build/py_srvcli/build/lib
[1.141s] creating /home/vboxuser/ros2_ws/src/py_srvcli/build/py_srvcli/build/lib/py_srvcli
[1.141s] copying py_srvcli/__init__.py -> /home/vboxuser/ros2_ws/src/py_srvcli/build/py_srvcli/build/lib/py_srvcli
[1.141s] copying py_srvcli/client_member_function.py -> /home/vboxuser/ros2_ws/src/py_srvcli/build/py_srvcli/build/lib/py_srvcli
[1.142s] copying py_srvcli/TwinCAT_Add_Route.py -> /home/vboxuser/ros2_ws/src/py_srvcli/build/py_srvcli/build/lib/py_srvcli
[1.142s] copying py_srvcli/service_member_function.py -> /home/vboxuser/ros2_ws/src/py_srvcli/build/py_srvcli/build/lib/py_srvcli
[1.142s] running install
[1.142s] running install_lib
[1.143s] creating /home/vboxuser/ros2_ws/src/py_srvcli/install/py_srvcli/lib/python3.10/site-packages/py_srvcli
[1.143s] copying /home/vboxuser/ros2_ws/src/py_srvcli/build/py_srvcli/build/lib/py_srvcli/__init__.py -> /home/vboxuser/ros2_ws/src/py_srvcli/install/py_srvcli/lib/python3.10/site-packages/py_srvcli
[1.143s] copying /home/vboxuser/ros2_ws/src/py_srvcli/build/py_srvcli/build/lib/py_srvcli/client_member_function.py -> /home/vboxuser/ros2_ws/src/py_srvcli/install/py_srvcli/lib/python3.10/site-packages/py_srvcli
[1.143s] copying /home/vboxuser/ros2_ws/src/py_srvcli/build/py_srvcli/build/lib/py_srvcli/TwinCAT_Add_Route.py -> /home/vboxuser/ros2_ws/src/py_srvcli/install/py_srvcli/lib/python3.10/site-packages/py_srvcli
[1.143s] copying /home/vboxuser/ros2_ws/src/py_srvcli/build/py_srvcli/build/lib/py_srvcli/service_member_function.py -> /home/vboxuser/ros2_ws/src/py_srvcli/install/py_srvcli/lib/python3.10/site-packages/py_srvcli
[1.144s] byte-compiling /home/vboxuser/ros2_ws/src/py_srvcli/install/py_srvcli/lib/python3.10/site-packages/py_srvcli/__init__.py to __init__.cpython-310.pyc
[1.144s] byte-compiling /home/vboxuser/ros2_ws/src/py_srvcli/install/py_srvcli/lib/python3.10/site-packages/py_srvcli/client_member_function.py to client_member_function.cpython-310.pyc
[1.146s] byte-compiling /home/vboxuser/ros2_ws/src/py_srvcli/install/py_srvcli/lib/python3.10/site-packages/py_srvcli/TwinCAT_Add_Route.py to TwinCAT_Add_Route.cpython-310.pyc
[1.146s] byte-compiling /home/vboxuser/ros2_ws/src/py_srvcli/install/py_srvcli/lib/python3.10/site-packages/py_srvcli/service_member_function.py to service_member_function.cpython-310.pyc
[1.147s] running install_data
[1.147s] creating /home/vboxuser/ros2_ws/src/py_srvcli/install/py_srvcli/share/ament_index
[1.147s] creating /home/vboxuser/ros2_ws/src/py_srvcli/install/py_srvcli/share/ament_index/resource_index
[1.147s] creating /home/vboxuser/ros2_ws/src/py_srvcli/install/py_srvcli/share/ament_index/resource_index/packages
[1.147s] copying resource/py_srvcli -> /home/vboxuser/ros2_ws/src/py_srvcli/install/py_srvcli/share/ament_index/resource_index/packages
[1.147s] copying package.xml -> /home/vboxuser/ros2_ws/src/py_srvcli/install/py_srvcli/share/py_srvcli
[1.147s] running install_egg_info
[1.150s] Copying build/py_srvcli/py_srvcli.egg-info to /home/vboxuser/ros2_ws/src/py_srvcli/install/py_srvcli/lib/python3.10/site-packages/py_srvcli-0.0.0-py3.10.egg-info
[1.150s] running install_scripts
[1.175s] Installing TwinCAT_Add_Route script to /home/vboxuser/ros2_ws/src/py_srvcli/install/py_srvcli/lib/py_srvcli
[1.175s] Installing client script to /home/vboxuser/ros2_ws/src/py_srvcli/install/py_srvcli/lib/py_srvcli
[1.175s] Installing service script to /home/vboxuser/ros2_ws/src/py_srvcli/install/py_srvcli/lib/py_srvcli
[1.175s] writing list of installed files to '/home/vboxuser/ros2_ws/src/py_srvcli/build/py_srvcli/install.log'
[1.209s] Invoked command in '/home/vboxuser/ros2_ws/src/py_srvcli' returned '0': PYTHONPATH=/home/vboxuser/ros2_ws/src/py_srvcli/build/py_srvcli/prefix_override:/usr/lib/python3/dist-packages/colcon_core/task/python/colcon_distutils_commands:/home/vboxuser/ros2_ws/src/py_srvcli/install/py_srvcli/lib/python3.10/site-packages:${PYTHONPATH} /usr/bin/python3 -W ignore:setup.py install is deprecated -W ignore:easy_install command is deprecated setup.py egg_info --egg-base build/py_srvcli build --build-base /home/vboxuser/ros2_ws/src/py_srvcli/build/py_srvcli/build install --record /home/vboxuser/ros2_ws/src/py_srvcli/build/py_srvcli/install.log --single-version-externally-managed install_data
