[0.150s] Invoking command in '/home/vboxuser/ros2_ws/build/examples_rclcpp_cbg_executor': CMAKE_PREFIX_PATH=${CMAKE_PREFIX_PATH}:/home/vboxuser/dobot_ws/install/servo_action:/home/vboxuser/dobot_ws/install/dobot_moveit:/home/vboxuser/dobot_ws/install/dobot_demo:/home/vboxuser/ws_moveit2/install/moveit_configs_utils:/home/vboxuser/ws_moveit2/install/launch_param_builder:/opt/ros/humble /usr/bin/cmake /home/vboxuser/ros2_ws/src/examples/rclcpp/executors/cbg_executor -DAMENT_CMAKE_SYMLINK_INSTALL=1 -DCMAKE_INSTALL_PREFIX=/home/vboxuser/ros2_ws/install/examples_rclcpp_cbg_executor
[0.581s] -- The C compiler identification is GNU 11.4.0
[0.892s] -- The CXX compiler identification is GNU 11.4.0
[0.909s] -- Detecting C compiler ABI info
[1.106s] -- Detecting C compiler ABI info - done
[1.121s] -- Check for working C compiler: /usr/bin/cc - skipped
[1.121s] -- Detecting C compile features
[1.121s] -- Detecting C compile features - done
[1.121s] -- Detecting CXX compiler ABI info
[1.278s] -- Detecting CXX compiler ABI info - done
[1.285s] -- Check for working CXX compiler: /usr/bin/c++ - skipped
[1.286s] -- Detecting CXX compile features
[1.287s] -- Detecting CXX compile features - done
[1.310s] -- Found ament_cmake: 1.3.11 (/opt/ros/humble/share/ament_cmake/cmake)
[1.589s] -- Found Python3: /usr/bin/python3 (found version "3.10.12") found components: Interpreter 
[1.659s] -- Override CMake install command with custom implementation using symlinks instead of copying resources
[1.809s] -- Found rclcpp: 16.0.11 (/opt/ros/humble/share/rclcpp/cmake)
[1.958s] -- Found rosidl_generator_c: 3.1.6 (/opt/ros/humble/share/rosidl_generator_c/cmake)
[1.980s] -- Found rosidl_adapter: 3.1.6 (/opt/ros/humble/share/rosidl_adapter/cmake)
[2.029s] -- Found rosidl_generator_cpp: 3.1.6 (/opt/ros/humble/share/rosidl_generator_cpp/cmake)
[2.069s] -- Using all available rosidl_typesupport_c: rosidl_typesupport_fastrtps_c;rosidl_typesupport_introspection_c
[2.118s] -- Using all available rosidl_typesupport_cpp: rosidl_typesupport_fastrtps_cpp;rosidl_typesupport_introspection_cpp
[2.333s] -- Found rmw_implementation_cmake: 6.1.2 (/opt/ros/humble/share/rmw_implementation_cmake/cmake)
[2.335s] -- Found rmw_fastrtps_cpp: 6.2.7 (/opt/ros/humble/share/rmw_fastrtps_cpp/cmake)
[2.694s] -- Found OpenSSL: /usr/lib/x86_64-linux-gnu/libcrypto.so (found version "3.0.2")  
[2.741s] -- Found FastRTPS: /opt/ros/humble/include  
[2.780s] -- Using RMW implementation 'rmw_fastrtps_cpp' as default
[2.816s] -- Looking for pthread.h
[2.979s] -- Looking for pthread.h - found
[2.979s] -- Performing Test CMAKE_HAVE_LIBC_PTHREAD
[3.125s] -- Performing Test CMAKE_HAVE_LIBC_PTHREAD - Success
[3.126s] -- Found Threads: TRUE  
[3.328s] -- Found ament_lint_auto: 0.12.11 (/opt/ros/humble/share/ament_lint_auto/cmake)
[3.499s] -- Added test 'copyright' to check source files copyright and LICENSE
[3.503s] -- Added test 'cppcheck' to perform static code analysis on C / C++ code
[3.505s] -- Configured cppcheck include dirs: /home/vboxuser/ros2_ws/src/examples/rclcpp/executors/cbg_executor/include
[3.505s] -- Configured cppcheck exclude dirs and/or files: 
[3.506s] -- Added test 'cpplint' to check C / C++ code against the Google style
[3.506s] -- Configured cpplint exclude dirs and/or files: 
[3.522s] -- Added test 'lint_cmake' to check CMake code style
[3.523s] -- Added test 'uncrustify' to check C / C++ code style
[3.523s] -- Configured uncrustify additional arguments: 
[3.523s] -- Added test 'xmllint' to check XML markup files
[3.523s] -- Configuring done
[3.530s] -- Generating done
[3.612s] -- Build files have been written to: /home/vboxuser/ros2_ws/build/examples_rclcpp_cbg_executor
[3.623s] Invoked command in '/home/vboxuser/ros2_ws/build/examples_rclcpp_cbg_executor' returned '0': CMAKE_PREFIX_PATH=${CMAKE_PREFIX_PATH}:/home/vboxuser/dobot_ws/install/servo_action:/home/vboxuser/dobot_ws/install/dobot_moveit:/home/vboxuser/dobot_ws/install/dobot_demo:/home/vboxuser/ws_moveit2/install/moveit_configs_utils:/home/vboxuser/ws_moveit2/install/launch_param_builder:/opt/ros/humble /usr/bin/cmake /home/vboxuser/ros2_ws/src/examples/rclcpp/executors/cbg_executor -DAMENT_CMAKE_SYMLINK_INSTALL=1 -DCMAKE_INSTALL_PREFIX=/home/vboxuser/ros2_ws/install/examples_rclcpp_cbg_executor
[3.624s] Invoking command in '/home/vboxuser/ros2_ws/build/examples_rclcpp_cbg_executor': CMAKE_PREFIX_PATH=${CMAKE_PREFIX_PATH}:/home/vboxuser/dobot_ws/install/servo_action:/home/vboxuser/dobot_ws/install/dobot_moveit:/home/vboxuser/dobot_ws/install/dobot_demo:/home/vboxuser/ws_moveit2/install/moveit_configs_utils:/home/vboxuser/ws_moveit2/install/launch_param_builder:/opt/ros/humble /usr/bin/cmake --build /home/vboxuser/ros2_ws/build/examples_rclcpp_cbg_executor -- -j6 -l6
[3.710s] [ 10%] [32mBuilding CXX object CMakeFiles/ping.dir/src/ping.cpp.o[0m
[3.715s] [ 20%] [32mBuilding CXX object CMakeFiles/ping_pong.dir/src/ping_pong.cpp.o[0m
[3.715s] [ 30%] [32mBuilding CXX object CMakeFiles/ping.dir/src/examples_rclcpp_cbg_executor/ping_node.cpp.o[0m
[3.724s] [ 40%] [32mBuilding CXX object CMakeFiles/ping_pong.dir/src/examples_rclcpp_cbg_executor/pong_node.cpp.o[0m
[3.729s] [ 50%] [32mBuilding CXX object CMakeFiles/ping_pong.dir/src/examples_rclcpp_cbg_executor/ping_node.cpp.o[0m
[3.731s] [ 60%] [32mBuilding CXX object CMakeFiles/pong.dir/src/pong.cpp.o[0m
[12.236s] [ 70%] [32mBuilding CXX object CMakeFiles/pong.dir/src/examples_rclcpp_cbg_executor/pong_node.cpp.o[0m
[30.294s] [ 80%] [32m[1mLinking CXX executable ping_pong[0m
[33.490s] [ 90%] [32m[1mLinking CXX executable pong[0m
[34.248s] [100%] [32m[1mLinking CXX executable ping[0m
[35.799s] [100%] Built target ping_pong
[36.410s] [100%] Built target pong
[36.839s] [100%] Built target ping
[37.965s] Invoked command in '/home/vboxuser/ros2_ws/build/examples_rclcpp_cbg_executor' returned '0': CMAKE_PREFIX_PATH=${CMAKE_PREFIX_PATH}:/home/vboxuser/dobot_ws/install/servo_action:/home/vboxuser/dobot_ws/install/dobot_moveit:/home/vboxuser/dobot_ws/install/dobot_demo:/home/vboxuser/ws_moveit2/install/moveit_configs_utils:/home/vboxuser/ws_moveit2/install/launch_param_builder:/opt/ros/humble /usr/bin/cmake --build /home/vboxuser/ros2_ws/build/examples_rclcpp_cbg_executor -- -j6 -l6
[37.965s] Invoking command in '/home/vboxuser/ros2_ws/build/examples_rclcpp_cbg_executor': CMAKE_PREFIX_PATH=${CMAKE_PREFIX_PATH}:/home/vboxuser/dobot_ws/install/servo_action:/home/vboxuser/dobot_ws/install/dobot_moveit:/home/vboxuser/dobot_ws/install/dobot_demo:/home/vboxuser/ws_moveit2/install/moveit_configs_utils:/home/vboxuser/ws_moveit2/install/launch_param_builder:/opt/ros/humble /usr/bin/cmake --install /home/vboxuser/ros2_ws/build/examples_rclcpp_cbg_executor
[38.343s] -- Install configuration: ""
[38.343s] -- Execute custom install script
[38.343s] -- Symlinking: /home/vboxuser/ros2_ws/install/examples_rclcpp_cbg_executor/lib/examples_rclcpp_cbg_executor/ping
[38.343s] -- Symlinking: /home/vboxuser/ros2_ws/install/examples_rclcpp_cbg_executor/lib/examples_rclcpp_cbg_executor/pong
[38.343s] -- Symlinking: /home/vboxuser/ros2_ws/install/examples_rclcpp_cbg_executor/lib/examples_rclcpp_cbg_executor/ping_pong
[38.343s] -- Symlinking: /home/vboxuser/ros2_ws/install/examples_rclcpp_cbg_executor/include/examples_rclcpp_cbg_executor/ping_node.hpp
[38.374s] -- Symlinking: /home/vboxuser/ros2_ws/install/examples_rclcpp_cbg_executor/include/examples_rclcpp_cbg_executor/pong_node.hpp
[38.410s] -- Symlinking: /home/vboxuser/ros2_ws/install/examples_rclcpp_cbg_executor/share/ament_index/resource_index/package_run_dependencies/examples_rclcpp_cbg_executor
[38.424s] -- Symlinking: /home/vboxuser/ros2_ws/install/examples_rclcpp_cbg_executor/share/ament_index/resource_index/parent_prefix_path/examples_rclcpp_cbg_executor
[38.588s] -- Symlinking: /home/vboxuser/ros2_ws/install/examples_rclcpp_cbg_executor/share/examples_rclcpp_cbg_executor/environment/ament_prefix_path.sh
[38.758s] -- Symlinking: /home/vboxuser/ros2_ws/install/examples_rclcpp_cbg_executor/share/examples_rclcpp_cbg_executor/environment/ament_prefix_path.dsv
[38.790s] -- Symlinking: /home/vboxuser/ros2_ws/install/examples_rclcpp_cbg_executor/share/examples_rclcpp_cbg_executor/environment/path.sh
[38.835s] -- Symlinking: /home/vboxuser/ros2_ws/install/examples_rclcpp_cbg_executor/share/examples_rclcpp_cbg_executor/environment/path.dsv
[38.858s] -- Symlinking: /home/vboxuser/ros2_ws/install/examples_rclcpp_cbg_executor/share/examples_rclcpp_cbg_executor/local_setup.bash
[39.798s] -- Symlinking: /home/vboxuser/ros2_ws/install/examples_rclcpp_cbg_executor/share/examples_rclcpp_cbg_executor/local_setup.sh
[39.799s] -- Symlinking: /home/vboxuser/ros2_ws/install/examples_rclcpp_cbg_executor/share/examples_rclcpp_cbg_executor/local_setup.zsh
[39.993s] -- Symlinking: /home/vboxuser/ros2_ws/install/examples_rclcpp_cbg_executor/share/examples_rclcpp_cbg_executor/local_setup.dsv
[40.046s] -- Symlinking: /home/vboxuser/ros2_ws/install/examples_rclcpp_cbg_executor/share/examples_rclcpp_cbg_executor/package.dsv
[40.059s] -- Symlinking: /home/vboxuser/ros2_ws/install/examples_rclcpp_cbg_executor/share/ament_index/resource_index/packages/examples_rclcpp_cbg_executor
[40.069s] -- Symlinking: /home/vboxuser/ros2_ws/install/examples_rclcpp_cbg_executor/share/examples_rclcpp_cbg_executor/cmake/ament_cmake_export_dependencies-extras.cmake
[40.105s] -- Symlinking: /home/vboxuser/ros2_ws/install/examples_rclcpp_cbg_executor/share/examples_rclcpp_cbg_executor/cmake/examples_rclcpp_cbg_executorConfig.cmake
[40.129s] -- Symlinking: /home/vboxuser/ros2_ws/install/examples_rclcpp_cbg_executor/share/examples_rclcpp_cbg_executor/cmake/examples_rclcpp_cbg_executorConfig-version.cmake
[40.521s] -- Symlinking: /home/vboxuser/ros2_ws/install/examples_rclcpp_cbg_executor/share/examples_rclcpp_cbg_executor/package.xml
[40.740s] Invoked command in '/home/vboxuser/ros2_ws/build/examples_rclcpp_cbg_executor' returned '0': CMAKE_PREFIX_PATH=${CMAKE_PREFIX_PATH}:/home/vboxuser/dobot_ws/install/servo_action:/home/vboxuser/dobot_ws/install/dobot_moveit:/home/vboxuser/dobot_ws/install/dobot_demo:/home/vboxuser/ws_moveit2/install/moveit_configs_utils:/home/vboxuser/ws_moveit2/install/launch_param_builder:/opt/ros/humble /usr/bin/cmake --install /home/vboxuser/ros2_ws/build/examples_rclcpp_cbg_executor
