[0.099s] Invoking command in '/home/vboxuser/ros2_ws/build/examples_rclcpp_minimal_publisher': CMAKE_PREFIX_PATH=${CMAKE_PREFIX_PATH}:/home/vboxuser/dobot_ws/install/servo_action:/home/vboxuser/dobot_ws/install/dobot_moveit:/home/vboxuser/dobot_ws/install/dobot_demo:/home/vboxuser/ws_moveit2/install/moveit_configs_utils:/home/vboxuser/ws_moveit2/install/launch_param_builder:/opt/ros/humble /usr/bin/cmake /home/vboxuser/ros2_ws/src/examples/rclcpp/topics/minimal_publisher -DAMENT_CMAKE_SYMLINK_INSTALL=1 -DCMAKE_INSTALL_PREFIX=/home/vboxuser/ros2_ws/install/examples_rclcpp_minimal_publisher
[0.288s] -- The C compiler identification is GNU 11.4.0
[0.392s] -- The CXX compiler identification is GNU 11.4.0
[0.403s] -- Detecting C compiler ABI info
[0.587s] -- Detecting C compiler ABI info - done
[0.615s] -- Check for working C compiler: /usr/bin/cc - skipped
[0.615s] -- Detecting C compile features
[0.615s] -- Detecting C compile features - done
[0.619s] -- Detecting CXX compiler ABI info
[0.944s] -- Detecting CXX compiler ABI info - done
[0.960s] -- Check for working CXX compiler: /usr/bin/c++ - skipped
[0.960s] -- Detecting CXX compile features
[0.967s] -- Detecting CXX compile features - done
[0.968s] -- Found ament_cmake: 1.3.11 (/opt/ros/humble/share/ament_cmake/cmake)
[1.465s] -- Found Python3: /usr/bin/python3 (found version "3.10.12") found components: Interpreter 
[1.536s] -- Override CMake install command with custom implementation using symlinks instead of copying resources
[1.768s] -- Found rclcpp: 16.0.11 (/opt/ros/humble/share/rclcpp/cmake)
[1.865s] -- Found rosidl_generator_c: 3.1.6 (/opt/ros/humble/share/rosidl_generator_c/cmake)
[2.090s] -- Found rosidl_adapter: 3.1.6 (/opt/ros/humble/share/rosidl_adapter/cmake)
[2.091s] -- Found rosidl_generator_cpp: 3.1.6 (/opt/ros/humble/share/rosidl_generator_cpp/cmake)
[2.091s] -- Using all available rosidl_typesupport_c: rosidl_typesupport_fastrtps_c;rosidl_typesupport_introspection_c
[2.091s] -- Using all available rosidl_typesupport_cpp: rosidl_typesupport_fastrtps_cpp;rosidl_typesupport_introspection_cpp
[2.091s] -- Found rmw_implementation_cmake: 6.1.2 (/opt/ros/humble/share/rmw_implementation_cmake/cmake)
[2.091s] -- Found rmw_fastrtps_cpp: 6.2.7 (/opt/ros/humble/share/rmw_fastrtps_cpp/cmake)
[2.398s] -- Found OpenSSL: /usr/lib/x86_64-linux-gnu/libcrypto.so (found version "3.0.2")  
[2.477s] -- Found FastRTPS: /opt/ros/humble/include  
[2.565s] -- Using RMW implementation 'rmw_fastrtps_cpp' as default
[2.591s] -- Looking for pthread.h
[2.820s] -- Looking for pthread.h - found
[2.822s] -- Performing Test CMAKE_HAVE_LIBC_PTHREAD
[3.084s] -- Performing Test CMAKE_HAVE_LIBC_PTHREAD - Success
[3.087s] -- Found Threads: TRUE  
[3.440s] -- Found ament_lint_auto: 0.12.11 (/opt/ros/humble/share/ament_lint_auto/cmake)
[3.772s] -- Added test 'copyright' to check source files copyright and LICENSE
[3.778s] -- Added test 'cppcheck' to perform static code analysis on C / C++ code
[3.778s] -- Configured cppcheck include dirs: 
[3.778s] -- Configured cppcheck exclude dirs and/or files: 
[3.779s] -- Added test 'cpplint' to check C / C++ code against the Google style
[3.779s] -- Configured cpplint exclude dirs and/or files: 
[3.784s] -- Added test 'lint_cmake' to check CMake code style
[3.785s] -- Added test 'uncrustify' to check C / C++ code style
[3.785s] -- Configured uncrustify additional arguments: 
[3.787s] -- Added test 'xmllint' to check XML markup files
[3.798s] -- Configuring done
[3.851s] -- Generating done
[3.886s] -- Build files have been written to: /home/vboxuser/ros2_ws/build/examples_rclcpp_minimal_publisher
[4.008s] Invoked command in '/home/vboxuser/ros2_ws/build/examples_rclcpp_minimal_publisher' returned '0': CMAKE_PREFIX_PATH=${CMAKE_PREFIX_PATH}:/home/vboxuser/dobot_ws/install/servo_action:/home/vboxuser/dobot_ws/install/dobot_moveit:/home/vboxuser/dobot_ws/install/dobot_demo:/home/vboxuser/ws_moveit2/install/moveit_configs_utils:/home/vboxuser/ws_moveit2/install/launch_param_builder:/opt/ros/humble /usr/bin/cmake /home/vboxuser/ros2_ws/src/examples/rclcpp/topics/minimal_publisher -DAMENT_CMAKE_SYMLINK_INSTALL=1 -DCMAKE_INSTALL_PREFIX=/home/vboxuser/ros2_ws/install/examples_rclcpp_minimal_publisher
[4.009s] Invoking command in '/home/vboxuser/ros2_ws/build/examples_rclcpp_minimal_publisher': CMAKE_PREFIX_PATH=${CMAKE_PREFIX_PATH}:/home/vboxuser/dobot_ws/install/servo_action:/home/vboxuser/dobot_ws/install/dobot_moveit:/home/vboxuser/dobot_ws/install/dobot_demo:/home/vboxuser/ws_moveit2/install/moveit_configs_utils:/home/vboxuser/ws_moveit2/install/launch_param_builder:/opt/ros/humble /usr/bin/cmake --build /home/vboxuser/ros2_ws/build/examples_rclcpp_minimal_publisher -- -j6 -l6
[4.300s] [  8%] [32mBuilding CXX object CMakeFiles/publisher_lambda.dir/lambda.cpp.o[0m
[4.300s] [ 16%] [32mBuilding CXX object CMakeFiles/publisher_wait_for_all_acked.dir/member_function_with_wait_for_all_acked.cpp.o[0m
[4.309s] [ 25%] [32mBuilding CXX object CMakeFiles/publisher_member_function.dir/member_function.cpp.o[0m
[4.317s] [ 33%] [32mBuilding CXX object CMakeFiles/publisher_not_composable.dir/not_composable.cpp.o[0m
[4.317s] [ 41%] [32mBuilding CXX object CMakeFiles/publisher_member_function_with_unique_network_flow_endpoints.dir/member_function_with_unique_network_flow_endpoints.cpp.o[0m
[4.372s] [ 50%] [32mBuilding CXX object CMakeFiles/publisher_member_function_with_type_adapter.dir/member_function_with_type_adapter.cpp.o[0m
[16.526s] [ 58%] [32m[1mLinking CXX executable publisher_not_composable[0m
[17.268s] [ 58%] Built target publisher_not_composable
[17.382s] [ 66%] [32m[1mLinking CXX executable publisher_member_function_with_unique_network_flow_endpoints[0m
[18.650s] [ 75%] [32m[1mLinking CXX executable publisher_member_function[0m
[18.689s] [ 75%] Built target publisher_member_function_with_unique_network_flow_endpoints
[19.064s] [ 83%] [32m[1mLinking CXX executable publisher_lambda[0m
[19.483s] [ 83%] Built target publisher_member_function
[19.503s] [ 83%] Built target publisher_lambda
[19.599s] [ 91%] [32m[1mLinking CXX executable publisher_wait_for_all_acked[0m
[21.788s] [ 91%] Built target publisher_wait_for_all_acked
[22.507s] [100%] [32m[1mLinking CXX executable publisher_member_function_with_type_adapter[0m
[23.552s] [100%] Built target publisher_member_function_with_type_adapter
[24.017s] Invoked command in '/home/vboxuser/ros2_ws/build/examples_rclcpp_minimal_publisher' returned '0': CMAKE_PREFIX_PATH=${CMAKE_PREFIX_PATH}:/home/vboxuser/dobot_ws/install/servo_action:/home/vboxuser/dobot_ws/install/dobot_moveit:/home/vboxuser/dobot_ws/install/dobot_demo:/home/vboxuser/ws_moveit2/install/moveit_configs_utils:/home/vboxuser/ws_moveit2/install/launch_param_builder:/opt/ros/humble /usr/bin/cmake --build /home/vboxuser/ros2_ws/build/examples_rclcpp_minimal_publisher -- -j6 -l6
[24.266s] Invoking command in '/home/vboxuser/ros2_ws/build/examples_rclcpp_minimal_publisher': CMAKE_PREFIX_PATH=${CMAKE_PREFIX_PATH}:/home/vboxuser/dobot_ws/install/servo_action:/home/vboxuser/dobot_ws/install/dobot_moveit:/home/vboxuser/dobot_ws/install/dobot_demo:/home/vboxuser/ws_moveit2/install/moveit_configs_utils:/home/vboxuser/ws_moveit2/install/launch_param_builder:/opt/ros/humble /usr/bin/cmake --install /home/vboxuser/ros2_ws/build/examples_rclcpp_minimal_publisher
[28.501s] -- Install configuration: ""
[28.501s] -- Execute custom install script
[28.501s] -- Symlinking: /home/vboxuser/ros2_ws/install/examples_rclcpp_minimal_publisher/lib/examples_rclcpp_minimal_publisher/publisher_lambda
[28.501s] -- Symlinking: /home/vboxuser/ros2_ws/install/examples_rclcpp_minimal_publisher/lib/examples_rclcpp_minimal_publisher/publisher_member_function
[28.501s] -- Symlinking: /home/vboxuser/ros2_ws/install/examples_rclcpp_minimal_publisher/lib/examples_rclcpp_minimal_publisher/publisher_member_function_with_type_adapter
[28.501s] -- Symlinking: /home/vboxuser/ros2_ws/install/examples_rclcpp_minimal_publisher/lib/examples_rclcpp_minimal_publisher/publisher_member_function_with_unique_network_flow_endpoints
[28.501s] -- Symlinking: /home/vboxuser/ros2_ws/install/examples_rclcpp_minimal_publisher/lib/examples_rclcpp_minimal_publisher/publisher_wait_for_all_acked
[28.502s] -- Symlinking: /home/vboxuser/ros2_ws/install/examples_rclcpp_minimal_publisher/lib/examples_rclcpp_minimal_publisher/publisher_not_composable
[28.502s] -- Symlinking: /home/vboxuser/ros2_ws/install/examples_rclcpp_minimal_publisher/share/ament_index/resource_index/package_run_dependencies/examples_rclcpp_minimal_publisher
[28.502s] -- Symlinking: /home/vboxuser/ros2_ws/install/examples_rclcpp_minimal_publisher/share/ament_index/resource_index/parent_prefix_path/examples_rclcpp_minimal_publisher
[28.502s] -- Symlinking: /home/vboxuser/ros2_ws/install/examples_rclcpp_minimal_publisher/share/examples_rclcpp_minimal_publisher/environment/ament_prefix_path.sh
[28.502s] -- Symlinking: /home/vboxuser/ros2_ws/install/examples_rclcpp_minimal_publisher/share/examples_rclcpp_minimal_publisher/environment/ament_prefix_path.dsv
[28.502s] -- Symlinking: /home/vboxuser/ros2_ws/install/examples_rclcpp_minimal_publisher/share/examples_rclcpp_minimal_publisher/environment/path.sh
[28.502s] -- Symlinking: /home/vboxuser/ros2_ws/install/examples_rclcpp_minimal_publisher/share/examples_rclcpp_minimal_publisher/environment/path.dsv
[28.502s] -- Symlinking: /home/vboxuser/ros2_ws/install/examples_rclcpp_minimal_publisher/share/examples_rclcpp_minimal_publisher/local_setup.bash
[28.502s] -- Symlinking: /home/vboxuser/ros2_ws/install/examples_rclcpp_minimal_publisher/share/examples_rclcpp_minimal_publisher/local_setup.sh
[28.502s] -- Symlinking: /home/vboxuser/ros2_ws/install/examples_rclcpp_minimal_publisher/share/examples_rclcpp_minimal_publisher/local_setup.zsh
[28.502s] -- Symlinking: /home/vboxuser/ros2_ws/install/examples_rclcpp_minimal_publisher/share/examples_rclcpp_minimal_publisher/local_setup.dsv
[28.502s] -- Symlinking: /home/vboxuser/ros2_ws/install/examples_rclcpp_minimal_publisher/share/examples_rclcpp_minimal_publisher/package.dsv
[28.506s] -- Symlinking: /home/vboxuser/ros2_ws/install/examples_rclcpp_minimal_publisher/share/ament_index/resource_index/packages/examples_rclcpp_minimal_publisher
[28.506s] -- Symlinking: /home/vboxuser/ros2_ws/install/examples_rclcpp_minimal_publisher/share/examples_rclcpp_minimal_publisher/cmake/examples_rclcpp_minimal_publisherConfig.cmake
[28.506s] -- Symlinking: /home/vboxuser/ros2_ws/install/examples_rclcpp_minimal_publisher/share/examples_rclcpp_minimal_publisher/cmake/examples_rclcpp_minimal_publisherConfig-version.cmake
[28.506s] -- Symlinking: /home/vboxuser/ros2_ws/install/examples_rclcpp_minimal_publisher/share/examples_rclcpp_minimal_publisher/package.xml
[28.508s] Invoked command in '/home/vboxuser/ros2_ws/build/examples_rclcpp_minimal_publisher' returned '0': CMAKE_PREFIX_PATH=${CMAKE_PREFIX_PATH}:/home/vboxuser/dobot_ws/install/servo_action:/home/vboxuser/dobot_ws/install/dobot_moveit:/home/vboxuser/dobot_ws/install/dobot_demo:/home/vboxuser/ws_moveit2/install/moveit_configs_utils:/home/vboxuser/ws_moveit2/install/launch_param_builder:/opt/ros/humble /usr/bin/cmake --install /home/vboxuser/ros2_ws/build/examples_rclcpp_minimal_publisher
