[0.152s] Invoking command in '/home/vboxuser/ros2_ws/build/examples_rclcpp_minimal_action_server': CMAKE_PREFIX_PATH=${CMAKE_PREFIX_PATH}:/home/vboxuser/dobot_ws/install/servo_action:/home/vboxuser/dobot_ws/install/dobot_moveit:/home/vboxuser/dobot_ws/install/dobot_demo:/home/vboxuser/ws_moveit2/install/moveit_configs_utils:/home/vboxuser/ws_moveit2/install/launch_param_builder:/opt/ros/humble /usr/bin/cmake /home/vboxuser/ros2_ws/src/examples/rclcpp/actions/minimal_action_server -DAMENT_CMAKE_SYMLINK_INSTALL=1 -DCMAKE_INSTALL_PREFIX=/home/vboxuser/ros2_ws/install/examples_rclcpp_minimal_action_server
[0.528s] -- The C compiler identification is GNU 11.4.0
[0.828s] -- The CXX compiler identification is GNU 11.4.0
[0.856s] -- Detecting C compiler ABI info
[1.025s] -- Detecting C compiler ABI info - done
[1.029s] -- Check for working C compiler: /usr/bin/cc - skipped
[1.036s] -- Detecting C compile features
[1.036s] -- Detecting C compile features - done
[1.046s] -- Detecting CXX compiler ABI info
[1.227s] -- Detecting CXX compiler ABI info - done
[1.234s] -- Check for working CXX compiler: /usr/bin/c++ - skipped
[1.234s] -- Detecting CXX compile features
[1.235s] -- Detecting CXX compile features - done
[1.257s] -- Found ament_cmake: 1.3.11 (/opt/ros/humble/share/ament_cmake/cmake)
[1.513s] -- Found Python3: /usr/bin/python3 (found version "3.10.12") found components: Interpreter 
[1.593s] -- Override CMake install command with custom implementation using symlinks instead of copying resources
[1.753s] -- Found example_interfaces: 0.9.3 (/opt/ros/humble/share/example_interfaces/cmake)
[1.905s] -- Found rosidl_generator_c: 3.1.6 (/opt/ros/humble/share/rosidl_generator_c/cmake)
[1.927s] -- Found rosidl_adapter: 3.1.6 (/opt/ros/humble/share/rosidl_adapter/cmake)
[1.976s] -- Found rosidl_generator_cpp: 3.1.6 (/opt/ros/humble/share/rosidl_generator_cpp/cmake)
[2.018s] -- Using all available rosidl_typesupport_c: rosidl_typesupport_fastrtps_c;rosidl_typesupport_introspection_c
[2.065s] -- Using all available rosidl_typesupport_cpp: rosidl_typesupport_fastrtps_cpp;rosidl_typesupport_introspection_cpp
[2.221s] -- Found rclcpp: 16.0.11 (/opt/ros/humble/share/rclcpp/cmake)
[2.278s] -- Found rmw_implementation_cmake: 6.1.2 (/opt/ros/humble/share/rmw_implementation_cmake/cmake)
[2.284s] -- Found rmw_fastrtps_cpp: 6.2.7 (/opt/ros/humble/share/rmw_fastrtps_cpp/cmake)
[2.641s] -- Found OpenSSL: /usr/lib/x86_64-linux-gnu/libcrypto.so (found version "3.0.2")  
[2.671s] -- Found FastRTPS: /opt/ros/humble/include  
[2.721s] -- Using RMW implementation 'rmw_fastrtps_cpp' as default
[2.761s] -- Looking for pthread.h
[2.935s] -- Looking for pthread.h - found
[2.935s] -- Performing Test CMAKE_HAVE_LIBC_PTHREAD
[3.088s] -- Performing Test CMAKE_HAVE_LIBC_PTHREAD - Success
[3.088s] -- Found Threads: TRUE  
[3.258s] -- Found rclcpp_action: 16.0.11 (/opt/ros/humble/share/rclcpp_action/cmake)
[3.330s] -- Found ament_lint_auto: 0.12.11 (/opt/ros/humble/share/ament_lint_auto/cmake)
[3.470s] -- Added test 'copyright' to check source files copyright and LICENSE
[3.473s] -- Added test 'cppcheck' to perform static code analysis on C / C++ code
[3.475s] -- Configured cppcheck include dirs: 
[3.475s] -- Configured cppcheck exclude dirs and/or files: 
[3.480s] -- Added test 'cpplint' to check C / C++ code against the Google style
[3.480s] -- Configured cpplint exclude dirs and/or files: 
[3.482s] -- Added test 'lint_cmake' to check CMake code style
[3.485s] -- Added test 'uncrustify' to check C / C++ code style
[3.485s] -- Configured uncrustify additional arguments: 
[3.487s] -- Added test 'xmllint' to check XML markup files
[3.559s] -- Configuring done
[3.570s] -- Generating done
[3.570s] -- Build files have been written to: /home/vboxuser/ros2_ws/build/examples_rclcpp_minimal_action_server
[3.585s] Invoked command in '/home/vboxuser/ros2_ws/build/examples_rclcpp_minimal_action_server' returned '0': CMAKE_PREFIX_PATH=${CMAKE_PREFIX_PATH}:/home/vboxuser/dobot_ws/install/servo_action:/home/vboxuser/dobot_ws/install/dobot_moveit:/home/vboxuser/dobot_ws/install/dobot_demo:/home/vboxuser/ws_moveit2/install/moveit_configs_utils:/home/vboxuser/ws_moveit2/install/launch_param_builder:/opt/ros/humble /usr/bin/cmake /home/vboxuser/ros2_ws/src/examples/rclcpp/actions/minimal_action_server -DAMENT_CMAKE_SYMLINK_INSTALL=1 -DCMAKE_INSTALL_PREFIX=/home/vboxuser/ros2_ws/install/examples_rclcpp_minimal_action_server
[3.588s] Invoking command in '/home/vboxuser/ros2_ws/build/examples_rclcpp_minimal_action_server': CMAKE_PREFIX_PATH=${CMAKE_PREFIX_PATH}:/home/vboxuser/dobot_ws/install/servo_action:/home/vboxuser/dobot_ws/install/dobot_moveit:/home/vboxuser/dobot_ws/install/dobot_demo:/home/vboxuser/ws_moveit2/install/moveit_configs_utils:/home/vboxuser/ws_moveit2/install/launch_param_builder:/opt/ros/humble /usr/bin/cmake --build /home/vboxuser/ros2_ws/build/examples_rclcpp_minimal_action_server -- -j6 -l6
[3.691s] [ 25%] [32mBuilding CXX object CMakeFiles/action_server_not_composable.dir/not_composable.cpp.o[0m
[3.699s] [ 50%] [32mBuilding CXX object CMakeFiles/action_server_member_functions.dir/member_functions.cpp.o[0m
[14.978s] [ 75%] [32m[1mLinking CXX executable action_server_member_functions[0m
[15.504s] [100%] [32m[1mLinking CXX executable action_server_not_composable[0m
[17.227s] [100%] Built target action_server_member_functions
[17.287s] [100%] Built target action_server_not_composable
[17.985s] Invoked command in '/home/vboxuser/ros2_ws/build/examples_rclcpp_minimal_action_server' returned '0': CMAKE_PREFIX_PATH=${CMAKE_PREFIX_PATH}:/home/vboxuser/dobot_ws/install/servo_action:/home/vboxuser/dobot_ws/install/dobot_moveit:/home/vboxuser/dobot_ws/install/dobot_demo:/home/vboxuser/ws_moveit2/install/moveit_configs_utils:/home/vboxuser/ws_moveit2/install/launch_param_builder:/opt/ros/humble /usr/bin/cmake --build /home/vboxuser/ros2_ws/build/examples_rclcpp_minimal_action_server -- -j6 -l6
[18.001s] Invoking command in '/home/vboxuser/ros2_ws/build/examples_rclcpp_minimal_action_server': CMAKE_PREFIX_PATH=${CMAKE_PREFIX_PATH}:/home/vboxuser/dobot_ws/install/servo_action:/home/vboxuser/dobot_ws/install/dobot_moveit:/home/vboxuser/dobot_ws/install/dobot_demo:/home/vboxuser/ws_moveit2/install/moveit_configs_utils:/home/vboxuser/ws_moveit2/install/launch_param_builder:/opt/ros/humble /usr/bin/cmake --install /home/vboxuser/ros2_ws/build/examples_rclcpp_minimal_action_server
[18.928s] -- Install configuration: ""
[18.928s] -- Execute custom install script
[18.933s] -- Symlinking: /home/vboxuser/ros2_ws/install/examples_rclcpp_minimal_action_server/lib/examples_rclcpp_minimal_action_server/action_server_not_composable
[18.933s] -- Symlinking: /home/vboxuser/ros2_ws/install/examples_rclcpp_minimal_action_server/lib/examples_rclcpp_minimal_action_server/action_server_member_functions
[18.985s] -- Symlinking: /home/vboxuser/ros2_ws/install/examples_rclcpp_minimal_action_server/share/ament_index/resource_index/package_run_dependencies/examples_rclcpp_minimal_action_server
[19.010s] -- Symlinking: /home/vboxuser/ros2_ws/install/examples_rclcpp_minimal_action_server/share/ament_index/resource_index/parent_prefix_path/examples_rclcpp_minimal_action_server
[19.052s] -- Symlinking: /home/vboxuser/ros2_ws/install/examples_rclcpp_minimal_action_server/share/examples_rclcpp_minimal_action_server/environment/ament_prefix_path.sh
[19.079s] -- Symlinking: /home/vboxuser/ros2_ws/install/examples_rclcpp_minimal_action_server/share/examples_rclcpp_minimal_action_server/environment/ament_prefix_path.dsv
[19.113s] -- Symlinking: /home/vboxuser/ros2_ws/install/examples_rclcpp_minimal_action_server/share/examples_rclcpp_minimal_action_server/environment/path.sh
[19.150s] -- Symlinking: /home/vboxuser/ros2_ws/install/examples_rclcpp_minimal_action_server/share/examples_rclcpp_minimal_action_server/environment/path.dsv
[19.175s] -- Symlinking: /home/vboxuser/ros2_ws/install/examples_rclcpp_minimal_action_server/share/examples_rclcpp_minimal_action_server/local_setup.bash
[19.207s] -- Symlinking: /home/vboxuser/ros2_ws/install/examples_rclcpp_minimal_action_server/share/examples_rclcpp_minimal_action_server/local_setup.sh
[19.224s] -- Symlinking: /home/vboxuser/ros2_ws/install/examples_rclcpp_minimal_action_server/share/examples_rclcpp_minimal_action_server/local_setup.zsh
[19.323s] -- Symlinking: /home/vboxuser/ros2_ws/install/examples_rclcpp_minimal_action_server/share/examples_rclcpp_minimal_action_server/local_setup.dsv
[19.381s] -- Symlinking: /home/vboxuser/ros2_ws/install/examples_rclcpp_minimal_action_server/share/examples_rclcpp_minimal_action_server/package.dsv
[19.406s] -- Symlinking: /home/vboxuser/ros2_ws/install/examples_rclcpp_minimal_action_server/share/ament_index/resource_index/packages/examples_rclcpp_minimal_action_server
[19.410s] -- Symlinking: /home/vboxuser/ros2_ws/install/examples_rclcpp_minimal_action_server/share/examples_rclcpp_minimal_action_server/cmake/examples_rclcpp_minimal_action_serverConfig.cmake
[19.431s] -- Symlinking: /home/vboxuser/ros2_ws/install/examples_rclcpp_minimal_action_server/share/examples_rclcpp_minimal_action_server/cmake/examples_rclcpp_minimal_action_serverConfig-version.cmake
[19.454s] -- Symlinking: /home/vboxuser/ros2_ws/install/examples_rclcpp_minimal_action_server/share/examples_rclcpp_minimal_action_server/package.xml
[19.492s] Invoked command in '/home/vboxuser/ros2_ws/build/examples_rclcpp_minimal_action_server' returned '0': CMAKE_PREFIX_PATH=${CMAKE_PREFIX_PATH}:/home/vboxuser/dobot_ws/install/servo_action:/home/vboxuser/dobot_ws/install/dobot_moveit:/home/vboxuser/dobot_ws/install/dobot_demo:/home/vboxuser/ws_moveit2/install/moveit_configs_utils:/home/vboxuser/ws_moveit2/install/launch_param_builder:/opt/ros/humble /usr/bin/cmake --install /home/vboxuser/ros2_ws/build/examples_rclcpp_minimal_action_server
