[2.327s] Invoking command in '/home/vboxuser/ros2_ws/build/examples_rclpy_minimal_action_client': PYTHONPATH=/home/vboxuser/ros2_ws/build/examples_rclpy_minimal_action_client/prefix_override:/usr/lib/python3/dist-packages/colcon_core/task/python/colcon_distutils_commands:/home/vboxuser/ros2_ws/install/examples_rclpy_minimal_action_client/lib/python3.10/site-packages:${PYTHONPATH} /usr/bin/python3 -W ignore:setup.py install is deprecated -W ignore:easy_install command is deprecated setup.py develop --editable --build-directory /home/vboxuser/ros2_ws/build/examples_rclpy_minimal_action_client/build --no-deps symlink_data
[3.059s] running develop
[3.154s] running egg_info
[3.154s] creating examples_rclpy_minimal_action_client.egg-info
[3.154s] writing examples_rclpy_minimal_action_client.egg-info/PKG-INFO
[3.154s] writing dependency_links to examples_rclpy_minimal_action_client.egg-info/dependency_links.txt
[3.159s] writing entry points to examples_rclpy_minimal_action_client.egg-info/entry_points.txt
[3.159s] writing requirements to examples_rclpy_minimal_action_client.egg-info/requires.txt
[3.159s] writing top-level names to examples_rclpy_minimal_action_client.egg-info/top_level.txt
[3.159s] writing manifest file 'examples_rclpy_minimal_action_client.egg-info/SOURCES.txt'
[3.172s] reading manifest file 'examples_rclpy_minimal_action_client.egg-info/SOURCES.txt'
[3.176s] writing manifest file 'examples_rclpy_minimal_action_client.egg-info/SOURCES.txt'
[3.194s] running build_ext
[3.194s] Creating /home/vboxuser/ros2_ws/install/examples_rclpy_minimal_action_client/lib/python3.10/site-packages/examples-rclpy-minimal-action-client.egg-link (link to .)
[3.194s] Installing client script to /home/vboxuser/ros2_ws/install/examples_rclpy_minimal_action_client/lib/examples_rclpy_minimal_action_client
[3.194s] Installing client_asyncio script to /home/vboxuser/ros2_ws/install/examples_rclpy_minimal_action_client/lib/examples_rclpy_minimal_action_client
[3.194s] Installing client_cancel script to /home/vboxuser/ros2_ws/install/examples_rclpy_minimal_action_client/lib/examples_rclpy_minimal_action_client
[3.194s] Installing client_not_composable script to /home/vboxuser/ros2_ws/install/examples_rclpy_minimal_action_client/lib/examples_rclpy_minimal_action_client
[3.194s] 
[3.194s] Installed /home/vboxuser/ros2_ws/build/examples_rclpy_minimal_action_client
[3.194s] running symlink_data
[3.194s] creating /home/vboxuser/ros2_ws/install/examples_rclpy_minimal_action_client/share/ament_index
[3.194s] creating /home/vboxuser/ros2_ws/install/examples_rclpy_minimal_action_client/share/ament_index/resource_index
[3.195s] creating /home/vboxuser/ros2_ws/install/examples_rclpy_minimal_action_client/share/ament_index/resource_index/packages
[3.196s] symbolically linking /home/vboxuser/ros2_ws/build/examples_rclpy_minimal_action_client/resource/examples_rclpy_minimal_action_client -> /home/vboxuser/ros2_ws/install/examples_rclpy_minimal_action_client/share/ament_index/resource_index/packages
[3.196s] symbolically linking /home/vboxuser/ros2_ws/build/examples_rclpy_minimal_action_client/package.xml -> /home/vboxuser/ros2_ws/install/examples_rclpy_minimal_action_client/share/examples_rclpy_minimal_action_client
[3.319s] Invoked command in '/home/vboxuser/ros2_ws/build/examples_rclpy_minimal_action_client' returned '0': PYTHONPATH=/home/vboxuser/ros2_ws/build/examples_rclpy_minimal_action_client/prefix_override:/usr/lib/python3/dist-packages/colcon_core/task/python/colcon_distutils_commands:/home/vboxuser/ros2_ws/install/examples_rclpy_minimal_action_client/lib/python3.10/site-packages:${PYTHONPATH} /usr/bin/python3 -W ignore:setup.py install is deprecated -W ignore:easy_install command is deprecated setup.py develop --editable --build-directory /home/vboxuser/ros2_ws/build/examples_rclpy_minimal_action_client/build --no-deps symlink_data
