[0.123s] Invoking command in '/home/vboxuser/ros2_ws/build/examples_rclcpp_minimal_client': CMAKE_PREFIX_PATH=${CMAKE_PREFIX_PATH}:/home/vboxuser/dobot_ws/install/servo_action:/home/vboxuser/dobot_ws/install/dobot_moveit:/home/vboxuser/dobot_ws/install/dobot_demo:/home/vboxuser/ws_moveit2/install/moveit_configs_utils:/home/vboxuser/ws_moveit2/install/launch_param_builder:/opt/ros/humble /usr/bin/cmake /home/vboxuser/ros2_ws/src/examples/rclcpp/services/minimal_client -DAMENT_CMAKE_SYMLINK_INSTALL=1 -DCMAKE_INSTALL_PREFIX=/home/vboxuser/ros2_ws/install/examples_rclcpp_minimal_client
[0.499s] -- The C compiler identification is GNU 11.4.0
[0.823s] -- The CXX compiler identification is GNU 11.4.0
[0.833s] -- Detecting C compiler ABI info
[0.998s] -- Detecting C compiler ABI info - done
[1.014s] -- Check for working C compiler: /usr/bin/cc - skipped
[1.014s] -- Detecting C compile features
[1.014s] -- Detecting C compile features - done
[1.016s] -- Detecting CXX compiler ABI info
[1.205s] -- Detecting CXX compiler ABI info - done
[1.211s] -- Check for working CXX compiler: /usr/bin/c++ - skipped
[1.211s] -- Detecting CXX compile features
[1.212s] -- Detecting CXX compile features - done
[1.228s] -- Found ament_cmake: 1.3.11 (/opt/ros/humble/share/ament_cmake/cmake)
[1.477s] -- Found Python3: /usr/bin/python3 (found version "3.10.12") found components: Interpreter 
[1.564s] -- Override CMake install command with custom implementation using symlinks instead of copying resources
[1.724s] -- Found example_interfaces: 0.9.3 (/opt/ros/humble/share/example_interfaces/cmake)
[1.885s] -- Found rosidl_generator_c: 3.1.6 (/opt/ros/humble/share/rosidl_generator_c/cmake)
[1.914s] -- Found rosidl_adapter: 3.1.6 (/opt/ros/humble/share/rosidl_adapter/cmake)
[1.944s] -- Found rosidl_generator_cpp: 3.1.6 (/opt/ros/humble/share/rosidl_generator_cpp/cmake)
[1.986s] -- Using all available rosidl_typesupport_c: rosidl_typesupport_fastrtps_c;rosidl_typesupport_introspection_c
[2.034s] -- Using all available rosidl_typesupport_cpp: rosidl_typesupport_fastrtps_cpp;rosidl_typesupport_introspection_cpp
[2.192s] -- Found rclcpp: 16.0.11 (/opt/ros/humble/share/rclcpp/cmake)
[2.270s] -- Found rmw_implementation_cmake: 6.1.2 (/opt/ros/humble/share/rmw_implementation_cmake/cmake)
[2.270s] -- Found rmw_fastrtps_cpp: 6.2.7 (/opt/ros/humble/share/rmw_fastrtps_cpp/cmake)
[2.615s] -- Found OpenSSL: /usr/lib/x86_64-linux-gnu/libcrypto.so (found version "3.0.2")  
[2.658s] -- Found FastRTPS: /opt/ros/humble/include  
[2.705s] -- Using RMW implementation 'rmw_fastrtps_cpp' as default
[2.734s] -- Looking for pthread.h
[2.916s] -- Looking for pthread.h - found
[2.917s] -- Performing Test CMAKE_HAVE_LIBC_PTHREAD
[3.040s] -- Performing Test CMAKE_HAVE_LIBC_PTHREAD - Success
[3.043s] -- Found Threads: TRUE  
[3.234s] -- Found ament_lint_auto: 0.12.11 (/opt/ros/humble/share/ament_lint_auto/cmake)
[3.417s] -- Added test 'copyright' to check source files copyright and LICENSE
[3.419s] -- Added test 'cppcheck' to perform static code analysis on C / C++ code
[3.421s] -- Configured cppcheck include dirs: 
[3.421s] -- Configured cppcheck exclude dirs and/or files: 
[3.421s] -- Added test 'cpplint' to check C / C++ code against the Google style
[3.422s] -- Configured cpplint exclude dirs and/or files: 
[3.425s] -- Added test 'lint_cmake' to check CMake code style
[3.440s] -- Added test 'uncrustify' to check C / C++ code style
[3.441s] -- Configured uncrustify additional arguments: 
[3.441s] -- Added test 'xmllint' to check XML markup files
[3.441s] -- Configuring done
[3.441s] -- Generating done
[3.445s] -- Build files have been written to: /home/vboxuser/ros2_ws/build/examples_rclcpp_minimal_client
[3.528s] Invoked command in '/home/vboxuser/ros2_ws/build/examples_rclcpp_minimal_client' returned '0': CMAKE_PREFIX_PATH=${CMAKE_PREFIX_PATH}:/home/vboxuser/dobot_ws/install/servo_action:/home/vboxuser/dobot_ws/install/dobot_moveit:/home/vboxuser/dobot_ws/install/dobot_demo:/home/vboxuser/ws_moveit2/install/moveit_configs_utils:/home/vboxuser/ws_moveit2/install/launch_param_builder:/opt/ros/humble /usr/bin/cmake /home/vboxuser/ros2_ws/src/examples/rclcpp/services/minimal_client -DAMENT_CMAKE_SYMLINK_INSTALL=1 -DCMAKE_INSTALL_PREFIX=/home/vboxuser/ros2_ws/install/examples_rclcpp_minimal_client
[3.530s] Invoking command in '/home/vboxuser/ros2_ws/build/examples_rclcpp_minimal_client': CMAKE_PREFIX_PATH=${CMAKE_PREFIX_PATH}:/home/vboxuser/dobot_ws/install/servo_action:/home/vboxuser/dobot_ws/install/dobot_moveit:/home/vboxuser/dobot_ws/install/dobot_demo:/home/vboxuser/ws_moveit2/install/moveit_configs_utils:/home/vboxuser/ws_moveit2/install/launch_param_builder:/opt/ros/humble /usr/bin/cmake --build /home/vboxuser/ros2_ws/build/examples_rclcpp_minimal_client -- -j6 -l6
[3.594s] [ 50%] [32mBuilding CXX object CMakeFiles/client_main.dir/main.cpp.o[0m
[16.106s] [100%] [32m[1mLinking CXX executable client_main[0m
[17.206s] [100%] Built target client_main
[17.418s] Invoked command in '/home/vboxuser/ros2_ws/build/examples_rclcpp_minimal_client' returned '0': CMAKE_PREFIX_PATH=${CMAKE_PREFIX_PATH}:/home/vboxuser/dobot_ws/install/servo_action:/home/vboxuser/dobot_ws/install/dobot_moveit:/home/vboxuser/dobot_ws/install/dobot_demo:/home/vboxuser/ws_moveit2/install/moveit_configs_utils:/home/vboxuser/ws_moveit2/install/launch_param_builder:/opt/ros/humble /usr/bin/cmake --build /home/vboxuser/ros2_ws/build/examples_rclcpp_minimal_client -- -j6 -l6
[17.913s] Invoking command in '/home/vboxuser/ros2_ws/build/examples_rclcpp_minimal_client': CMAKE_PREFIX_PATH=${CMAKE_PREFIX_PATH}:/home/vboxuser/dobot_ws/install/servo_action:/home/vboxuser/dobot_ws/install/dobot_moveit:/home/vboxuser/dobot_ws/install/dobot_demo:/home/vboxuser/ws_moveit2/install/moveit_configs_utils:/home/vboxuser/ws_moveit2/install/launch_param_builder:/opt/ros/humble /usr/bin/cmake --install /home/vboxuser/ros2_ws/build/examples_rclcpp_minimal_client
[18.325s] -- Install configuration: ""
[18.326s] -- Execute custom install script
[18.326s] -- Symlinking: /home/vboxuser/ros2_ws/install/examples_rclcpp_minimal_client/lib/examples_rclcpp_minimal_client/client_main
[18.326s] -- Symlinking: /home/vboxuser/ros2_ws/install/examples_rclcpp_minimal_client/share/ament_index/resource_index/package_run_dependencies/examples_rclcpp_minimal_client
[18.326s] -- Symlinking: /home/vboxuser/ros2_ws/install/examples_rclcpp_minimal_client/share/ament_index/resource_index/parent_prefix_path/examples_rclcpp_minimal_client
[18.326s] -- Symlinking: /home/vboxuser/ros2_ws/install/examples_rclcpp_minimal_client/share/examples_rclcpp_minimal_client/environment/ament_prefix_path.sh
[18.326s] -- Symlinking: /home/vboxuser/ros2_ws/install/examples_rclcpp_minimal_client/share/examples_rclcpp_minimal_client/environment/ament_prefix_path.dsv
[18.326s] -- Symlinking: /home/vboxuser/ros2_ws/install/examples_rclcpp_minimal_client/share/examples_rclcpp_minimal_client/environment/path.sh
[18.326s] -- Symlinking: /home/vboxuser/ros2_ws/install/examples_rclcpp_minimal_client/share/examples_rclcpp_minimal_client/environment/path.dsv
[18.326s] -- Symlinking: /home/vboxuser/ros2_ws/install/examples_rclcpp_minimal_client/share/examples_rclcpp_minimal_client/local_setup.bash
[18.745s] -- Symlinking: /home/vboxuser/ros2_ws/install/examples_rclcpp_minimal_client/share/examples_rclcpp_minimal_client/local_setup.sh
[18.895s] -- Symlinking: /home/vboxuser/ros2_ws/install/examples_rclcpp_minimal_client/share/examples_rclcpp_minimal_client/local_setup.zsh
[18.956s] -- Symlinking: /home/vboxuser/ros2_ws/install/examples_rclcpp_minimal_client/share/examples_rclcpp_minimal_client/local_setup.dsv
[18.982s] -- Symlinking: /home/vboxuser/ros2_ws/install/examples_rclcpp_minimal_client/share/examples_rclcpp_minimal_client/package.dsv
[19.025s] -- Symlinking: /home/vboxuser/ros2_ws/install/examples_rclcpp_minimal_client/share/ament_index/resource_index/packages/examples_rclcpp_minimal_client
[19.055s] -- Symlinking: /home/vboxuser/ros2_ws/install/examples_rclcpp_minimal_client/share/examples_rclcpp_minimal_client/cmake/examples_rclcpp_minimal_clientConfig.cmake
[19.111s] -- Symlinking: /home/vboxuser/ros2_ws/install/examples_rclcpp_minimal_client/share/examples_rclcpp_minimal_client/cmake/examples_rclcpp_minimal_clientConfig-version.cmake
[19.129s] -- Symlinking: /home/vboxuser/ros2_ws/install/examples_rclcpp_minimal_client/share/examples_rclcpp_minimal_client/package.xml
[19.163s] Invoked command in '/home/vboxuser/ros2_ws/build/examples_rclcpp_minimal_client' returned '0': CMAKE_PREFIX_PATH=${CMAKE_PREFIX_PATH}:/home/vboxuser/dobot_ws/install/servo_action:/home/vboxuser/dobot_ws/install/dobot_moveit:/home/vboxuser/dobot_ws/install/dobot_demo:/home/vboxuser/ws_moveit2/install/moveit_configs_utils:/home/vboxuser/ws_moveit2/install/launch_param_builder:/opt/ros/humble /usr/bin/cmake --install /home/vboxuser/ros2_ws/build/examples_rclcpp_minimal_client
