[0.123s] Invoking command in '/home/vboxuser/ros2_ws/build/examples_rclcpp_minimal_action_client': CMAKE_PREFIX_PATH=${CMAKE_PREFIX_PATH}:/home/vboxuser/dobot_ws/install/servo_action:/home/vboxuser/dobot_ws/install/dobot_moveit:/home/vboxuser/dobot_ws/install/dobot_demo:/home/vboxuser/ws_moveit2/install/moveit_configs_utils:/home/vboxuser/ws_moveit2/install/launch_param_builder:/opt/ros/humble /usr/bin/cmake /home/vboxuser/ros2_ws/src/examples/rclcpp/actions/minimal_action_client -DAMENT_CMAKE_SYMLINK_INSTALL=1 -DCMAKE_INSTALL_PREFIX=/home/vboxuser/ros2_ws/install/examples_rclcpp_minimal_action_client
[0.551s] -- The C compiler identification is GNU 11.4.0
[0.851s] -- The CXX compiler identification is GNU 11.4.0
[0.878s] -- Detecting C compiler ABI info
[1.067s] -- Detecting C compiler ABI info - done
[1.076s] -- Check for working C compiler: /usr/bin/cc - skipped
[1.076s] -- Detecting C compile features
[1.076s] -- Detecting C compile features - done
[1.081s] -- Detecting CXX compiler ABI info
[1.249s] -- Detecting CXX compiler ABI info - done
[1.256s] -- Check for working CXX compiler: /usr/bin/c++ - skipped
[1.256s] -- Detecting CXX compile features
[1.258s] -- Detecting CXX compile features - done
[1.280s] -- Found ament_cmake: 1.3.11 (/opt/ros/humble/share/ament_cmake/cmake)
[1.518s] -- Found Python3: /usr/bin/python3 (found version "3.10.12") found components: Interpreter 
[1.616s] -- Override CMake install command with custom implementation using symlinks instead of copying resources
[1.775s] -- Found example_interfaces: 0.9.3 (/opt/ros/humble/share/example_interfaces/cmake)
[1.928s] -- Found rosidl_generator_c: 3.1.6 (/opt/ros/humble/share/rosidl_generator_c/cmake)
[1.949s] -- Found rosidl_adapter: 3.1.6 (/opt/ros/humble/share/rosidl_adapter/cmake)
[1.996s] -- Found rosidl_generator_cpp: 3.1.6 (/opt/ros/humble/share/rosidl_generator_cpp/cmake)
[2.038s] -- Using all available rosidl_typesupport_c: rosidl_typesupport_fastrtps_c;rosidl_typesupport_introspection_c
[2.087s] -- Using all available rosidl_typesupport_cpp: rosidl_typesupport_fastrtps_cpp;rosidl_typesupport_introspection_cpp
[2.236s] -- Found rclcpp: 16.0.11 (/opt/ros/humble/share/rclcpp/cmake)
[2.306s] -- Found rmw_implementation_cmake: 6.1.2 (/opt/ros/humble/share/rmw_implementation_cmake/cmake)
[2.322s] -- Found rmw_fastrtps_cpp: 6.2.7 (/opt/ros/humble/share/rmw_fastrtps_cpp/cmake)
[2.665s] -- Found OpenSSL: /usr/lib/x86_64-linux-gnu/libcrypto.so (found version "3.0.2")  
[2.696s] -- Found FastRTPS: /opt/ros/humble/include  
[2.749s] -- Using RMW implementation 'rmw_fastrtps_cpp' as default
[2.780s] -- Looking for pthread.h
[2.939s] -- Looking for pthread.h - found
[2.940s] -- Performing Test CMAKE_HAVE_LIBC_PTHREAD
[3.076s] -- Performing Test CMAKE_HAVE_LIBC_PTHREAD - Success
[3.077s] -- Found Threads: TRUE  
[3.280s] -- Found rclcpp_action: 16.0.11 (/opt/ros/humble/share/rclcpp_action/cmake)
[3.360s] -- Found ament_lint_auto: 0.12.11 (/opt/ros/humble/share/ament_lint_auto/cmake)
[3.493s] -- Added test 'copyright' to check source files copyright and LICENSE
[3.493s] -- Added test 'cppcheck' to perform static code analysis on C / C++ code
[3.493s] -- Configured cppcheck include dirs: 
[3.493s] -- Configured cppcheck exclude dirs and/or files: 
[3.493s] -- Added test 'cpplint' to check C / C++ code against the Google style
[3.493s] -- Configured cpplint exclude dirs and/or files: 
[3.493s] -- Added test 'lint_cmake' to check CMake code style
[3.493s] -- Added test 'uncrustify' to check C / C++ code style
[3.493s] -- Configured uncrustify additional arguments: 
[3.494s] -- Added test 'xmllint' to check XML markup files
[3.499s] -- Configuring done
[3.582s] -- Generating done
[3.590s] -- Build files have been written to: /home/vboxuser/ros2_ws/build/examples_rclcpp_minimal_action_client
[3.597s] Invoked command in '/home/vboxuser/ros2_ws/build/examples_rclcpp_minimal_action_client' returned '0': CMAKE_PREFIX_PATH=${CMAKE_PREFIX_PATH}:/home/vboxuser/dobot_ws/install/servo_action:/home/vboxuser/dobot_ws/install/dobot_moveit:/home/vboxuser/dobot_ws/install/dobot_demo:/home/vboxuser/ws_moveit2/install/moveit_configs_utils:/home/vboxuser/ws_moveit2/install/launch_param_builder:/opt/ros/humble /usr/bin/cmake /home/vboxuser/ros2_ws/src/examples/rclcpp/actions/minimal_action_client -DAMENT_CMAKE_SYMLINK_INSTALL=1 -DCMAKE_INSTALL_PREFIX=/home/vboxuser/ros2_ws/install/examples_rclcpp_minimal_action_client
[3.604s] Invoking command in '/home/vboxuser/ros2_ws/build/examples_rclcpp_minimal_action_client': CMAKE_PREFIX_PATH=${CMAKE_PREFIX_PATH}:/home/vboxuser/dobot_ws/install/servo_action:/home/vboxuser/dobot_ws/install/dobot_moveit:/home/vboxuser/dobot_ws/install/dobot_demo:/home/vboxuser/ws_moveit2/install/moveit_configs_utils:/home/vboxuser/ws_moveit2/install/launch_param_builder:/opt/ros/humble /usr/bin/cmake --build /home/vboxuser/ros2_ws/build/examples_rclcpp_minimal_action_client -- -j6 -l6
[3.816s] [ 12%] [32mBuilding CXX object CMakeFiles/action_client_member_functions.dir/member_functions.cpp.o[0m
[3.860s] [ 25%] [32mBuilding CXX object CMakeFiles/action_client_not_composable.dir/not_composable.cpp.o[0m
[3.860s] [ 37%] [32mBuilding CXX object CMakeFiles/action_client_not_composable_with_cancel.dir/not_composable_with_cancel.cpp.o[0m
[3.860s] [ 50%] [32mBuilding CXX object CMakeFiles/action_client_not_composable_with_feedback.dir/not_composable_with_feedback.cpp.o[0m
[15.785s] [ 62%] [32m[1mLinking CXX executable action_client_not_composable_with_cancel[0m
[17.339s] [ 62%] Built target action_client_not_composable_with_cancel
[17.477s] [ 75%] [32m[1mLinking CXX executable action_client_member_functions[0m
[18.378s] [ 75%] Built target action_client_member_functions
[19.091s] [ 87%] [32m[1mLinking CXX executable action_client_not_composable_with_feedback[0m
[19.509s] [ 87%] Built target action_client_not_composable_with_feedback
[19.556s] [100%] [32m[1mLinking CXX executable action_client_not_composable[0m
[19.860s] [100%] Built target action_client_not_composable
[19.932s] Invoked command in '/home/vboxuser/ros2_ws/build/examples_rclcpp_minimal_action_client' returned '0': CMAKE_PREFIX_PATH=${CMAKE_PREFIX_PATH}:/home/vboxuser/dobot_ws/install/servo_action:/home/vboxuser/dobot_ws/install/dobot_moveit:/home/vboxuser/dobot_ws/install/dobot_demo:/home/vboxuser/ws_moveit2/install/moveit_configs_utils:/home/vboxuser/ws_moveit2/install/launch_param_builder:/opt/ros/humble /usr/bin/cmake --build /home/vboxuser/ros2_ws/build/examples_rclcpp_minimal_action_client -- -j6 -l6
[19.933s] Invoking command in '/home/vboxuser/ros2_ws/build/examples_rclcpp_minimal_action_client': CMAKE_PREFIX_PATH=${CMAKE_PREFIX_PATH}:/home/vboxuser/dobot_ws/install/servo_action:/home/vboxuser/dobot_ws/install/dobot_moveit:/home/vboxuser/dobot_ws/install/dobot_demo:/home/vboxuser/ws_moveit2/install/moveit_configs_utils:/home/vboxuser/ws_moveit2/install/launch_param_builder:/opt/ros/humble /usr/bin/cmake --install /home/vboxuser/ros2_ws/build/examples_rclcpp_minimal_action_client
[23.145s] -- Install configuration: ""
[23.145s] -- Execute custom install script
[23.145s] -- Symlinking: /home/vboxuser/ros2_ws/install/examples_rclcpp_minimal_action_client/lib/examples_rclcpp_minimal_action_client/action_client_member_functions
[23.145s] -- Symlinking: /home/vboxuser/ros2_ws/install/examples_rclcpp_minimal_action_client/lib/examples_rclcpp_minimal_action_client/action_client_not_composable
[23.145s] -- Symlinking: /home/vboxuser/ros2_ws/install/examples_rclcpp_minimal_action_client/lib/examples_rclcpp_minimal_action_client/action_client_not_composable_with_cancel
[23.146s] -- Symlinking: /home/vboxuser/ros2_ws/install/examples_rclcpp_minimal_action_client/lib/examples_rclcpp_minimal_action_client/action_client_not_composable_with_feedback
[23.146s] -- Symlinking: /home/vboxuser/ros2_ws/install/examples_rclcpp_minimal_action_client/share/ament_index/resource_index/package_run_dependencies/examples_rclcpp_minimal_action_client
[23.146s] -- Symlinking: /home/vboxuser/ros2_ws/install/examples_rclcpp_minimal_action_client/share/ament_index/resource_index/parent_prefix_path/examples_rclcpp_minimal_action_client
[23.146s] -- Symlinking: /home/vboxuser/ros2_ws/install/examples_rclcpp_minimal_action_client/share/examples_rclcpp_minimal_action_client/environment/ament_prefix_path.sh
[23.146s] -- Symlinking: /home/vboxuser/ros2_ws/install/examples_rclcpp_minimal_action_client/share/examples_rclcpp_minimal_action_client/environment/ament_prefix_path.dsv
[23.146s] -- Symlinking: /home/vboxuser/ros2_ws/install/examples_rclcpp_minimal_action_client/share/examples_rclcpp_minimal_action_client/environment/path.sh
[23.146s] -- Symlinking: /home/vboxuser/ros2_ws/install/examples_rclcpp_minimal_action_client/share/examples_rclcpp_minimal_action_client/environment/path.dsv
[23.146s] -- Symlinking: /home/vboxuser/ros2_ws/install/examples_rclcpp_minimal_action_client/share/examples_rclcpp_minimal_action_client/local_setup.bash
[23.146s] -- Symlinking: /home/vboxuser/ros2_ws/install/examples_rclcpp_minimal_action_client/share/examples_rclcpp_minimal_action_client/local_setup.sh
[23.146s] -- Symlinking: /home/vboxuser/ros2_ws/install/examples_rclcpp_minimal_action_client/share/examples_rclcpp_minimal_action_client/local_setup.zsh
[23.146s] -- Symlinking: /home/vboxuser/ros2_ws/install/examples_rclcpp_minimal_action_client/share/examples_rclcpp_minimal_action_client/local_setup.dsv
[23.146s] -- Symlinking: /home/vboxuser/ros2_ws/install/examples_rclcpp_minimal_action_client/share/examples_rclcpp_minimal_action_client/package.dsv
[23.146s] -- Symlinking: /home/vboxuser/ros2_ws/install/examples_rclcpp_minimal_action_client/share/ament_index/resource_index/packages/examples_rclcpp_minimal_action_client
[23.150s] -- Symlinking: /home/vboxuser/ros2_ws/install/examples_rclcpp_minimal_action_client/share/examples_rclcpp_minimal_action_client/cmake/examples_rclcpp_minimal_action_clientConfig.cmake
[23.150s] -- Symlinking: /home/vboxuser/ros2_ws/install/examples_rclcpp_minimal_action_client/share/examples_rclcpp_minimal_action_client/cmake/examples_rclcpp_minimal_action_clientConfig-version.cmake
[23.150s] -- Symlinking: /home/vboxuser/ros2_ws/install/examples_rclcpp_minimal_action_client/share/examples_rclcpp_minimal_action_client/package.xml
[23.175s] Invoked command in '/home/vboxuser/ros2_ws/build/examples_rclcpp_minimal_action_client' returned '0': CMAKE_PREFIX_PATH=${CMAKE_PREFIX_PATH}:/home/vboxuser/dobot_ws/install/servo_action:/home/vboxuser/dobot_ws/install/dobot_moveit:/home/vboxuser/dobot_ws/install/dobot_demo:/home/vboxuser/ws_moveit2/install/moveit_configs_utils:/home/vboxuser/ws_moveit2/install/launch_param_builder:/opt/ros/humble /usr/bin/cmake --install /home/vboxuser/ros2_ws/build/examples_rclcpp_minimal_action_client
