[0.137s] Invoking command in '/home/vboxuser/ros2_ws/build/examples_rclcpp_wait_set': CMAKE_PREFIX_PATH=${CMAKE_PREFIX_PATH}:/home/vboxuser/dobot_ws/install/servo_action:/home/vboxuser/dobot_ws/install/dobot_moveit:/home/vboxuser/dobot_ws/install/dobot_demo:/home/vboxuser/ws_moveit2/install/moveit_configs_utils:/home/vboxuser/ws_moveit2/install/launch_param_builder:/opt/ros/humble /usr/bin/cmake /home/vboxuser/ros2_ws/src/examples/rclcpp/wait_set -DAMENT_CMAKE_SYMLINK_INSTALL=1 -DCMAKE_INSTALL_PREFIX=/home/vboxuser/ros2_ws/install/examples_rclcpp_wait_set
[0.715s] -- The C compiler identification is GNU 11.4.0
[1.321s] -- The CXX compiler identification is GNU 11.4.0
[1.361s] -- Detecting C compiler ABI info
[2.556s] -- Detecting C compiler ABI info - done
[2.561s] -- Check for working C compiler: /usr/bin/cc - skipped
[2.565s] -- Detecting C compile features
[2.568s] -- Detecting C compile features - done
[2.571s] -- Detecting CXX compiler ABI info
[2.885s] -- Detecting CXX compiler ABI info - done
[2.930s] -- Check for working CXX compiler: /usr/bin/c++ - skipped
[2.933s] -- Detecting CXX compile features
[2.933s] -- Detecting CXX compile features - done
[2.957s] -- Found ament_cmake: 1.3.11 (/opt/ros/humble/share/ament_cmake/cmake)
[3.498s] -- Found Python3: /usr/bin/python3 (found version "3.10.12") found components: Interpreter 
[3.717s] -- Override CMake install command with custom implementation using symlinks instead of copying resources
[4.024s] -- Found example_interfaces: 0.9.3 (/opt/ros/humble/share/example_interfaces/cmake)
[4.238s] -- Found rosidl_generator_c: 3.1.6 (/opt/ros/humble/share/rosidl_generator_c/cmake)
[4.281s] -- Found rosidl_adapter: 3.1.6 (/opt/ros/humble/share/rosidl_adapter/cmake)
[4.318s] -- Found rosidl_generator_cpp: 3.1.6 (/opt/ros/humble/share/rosidl_generator_cpp/cmake)
[4.391s] -- Using all available rosidl_typesupport_c: rosidl_typesupport_fastrtps_c;rosidl_typesupport_introspection_c
[4.499s] -- Using all available rosidl_typesupport_cpp: rosidl_typesupport_fastrtps_cpp;rosidl_typesupport_introspection_cpp
[4.706s] -- Found rclcpp: 16.0.11 (/opt/ros/humble/share/rclcpp/cmake)
[4.927s] -- Found rmw_implementation_cmake: 6.1.2 (/opt/ros/humble/share/rmw_implementation_cmake/cmake)
[4.975s] -- Found rmw_fastrtps_cpp: 6.2.7 (/opt/ros/humble/share/rmw_fastrtps_cpp/cmake)
[5.691s] -- Found OpenSSL: /usr/lib/x86_64-linux-gnu/libcrypto.so (found version "3.0.2")  
[5.890s] -- Found FastRTPS: /opt/ros/humble/include  
[6.185s] -- Using RMW implementation 'rmw_fastrtps_cpp' as default
[6.269s] -- Looking for pthread.h
[7.497s] -- Looking for pthread.h - found
[7.497s] -- Performing Test CMAKE_HAVE_LIBC_PTHREAD
[8.286s] -- Performing Test CMAKE_HAVE_LIBC_PTHREAD - Success
[8.286s] -- Found Threads: TRUE  
[8.497s] -- Found rclcpp_components: 16.0.11 (/opt/ros/humble/share/rclcpp_components/cmake)
[8.785s] -- Found ament_lint_auto: 0.12.11 (/opt/ros/humble/share/ament_lint_auto/cmake)
[9.649s] -- Added test 'copyright' to check source files copyright and LICENSE
[9.651s] -- Added test 'cppcheck' to perform static code analysis on C / C++ code
[9.651s] -- Configured cppcheck include dirs: /home/vboxuser/ros2_ws/src/examples/rclcpp/wait_set/include
[9.651s] -- Configured cppcheck exclude dirs and/or files: 
[9.651s] -- Added test 'cpplint' to check C / C++ code against the Google style
[9.651s] -- Configured cpplint exclude dirs and/or files: 
[9.717s] -- Added test 'lint_cmake' to check CMake code style
[9.717s] -- Added test 'uncrustify' to check C / C++ code style
[9.717s] -- Configured uncrustify additional arguments: 
[9.717s] -- Added test 'xmllint' to check XML markup files
[9.717s] -- Configuring done
[9.745s] -- Generating done
[9.761s] -- Build files have been written to: /home/vboxuser/ros2_ws/build/examples_rclcpp_wait_set
[9.779s] Invoked command in '/home/vboxuser/ros2_ws/build/examples_rclcpp_wait_set' returned '0': CMAKE_PREFIX_PATH=${CMAKE_PREFIX_PATH}:/home/vboxuser/dobot_ws/install/servo_action:/home/vboxuser/dobot_ws/install/dobot_moveit:/home/vboxuser/dobot_ws/install/dobot_demo:/home/vboxuser/ws_moveit2/install/moveit_configs_utils:/home/vboxuser/ws_moveit2/install/launch_param_builder:/opt/ros/humble /usr/bin/cmake /home/vboxuser/ros2_ws/src/examples/rclcpp/wait_set -DAMENT_CMAKE_SYMLINK_INSTALL=1 -DCMAKE_INSTALL_PREFIX=/home/vboxuser/ros2_ws/install/examples_rclcpp_wait_set
[9.780s] Invoking command in '/home/vboxuser/ros2_ws/build/examples_rclcpp_wait_set': CMAKE_PREFIX_PATH=${CMAKE_PREFIX_PATH}:/home/vboxuser/dobot_ws/install/servo_action:/home/vboxuser/dobot_ws/install/dobot_moveit:/home/vboxuser/dobot_ws/install/dobot_demo:/home/vboxuser/ws_moveit2/install/moveit_configs_utils:/home/vboxuser/ws_moveit2/install/launch_param_builder:/opt/ros/humble /usr/bin/cmake --build /home/vboxuser/ros2_ws/build/examples_rclcpp_wait_set -- -j6 -l6
[10.424s] [  4%] [32mBuilding CXX object CMakeFiles/talker.dir/src/talker.cpp.o[0m
[19.152s] [  8%] [32m[1mLinking CXX shared library libtalker.so[0m
[19.575s] [  8%] Built target talker
[19.576s] [ 12%] [32mBuilding CXX object CMakeFiles/static_wait_set.dir/src/static_wait_set.cpp.o[0m
[28.131s] [ 16%] [32m[1mLinking CXX executable static_wait_set[0m
[28.445s] [ 16%] Built target static_wait_set
[28.484s] [ 20%] [32mBuilding CXX object CMakeFiles/thread_safe_wait_set.dir/src/thread_safe_wait_set.cpp.o[0m
[37.251s] [ 25%] [32m[1mLinking CXX executable thread_safe_wait_set[0m
[37.658s] [ 25%] Built target thread_safe_wait_set
[37.698s] [ 29%] [32mBuilding CXX object CMakeFiles/wait_set_topics_and_timer.dir/src/wait_set_topics_and_timer.cpp.o[0m
[46.390s] [ 33%] [32m[1mLinking CXX executable wait_set_topics_and_timer[0m
[46.775s] [ 33%] Built target wait_set_topics_and_timer
[46.812s] [ 37%] [32mBuilding CXX object CMakeFiles/wait_set_random_order.dir/src/wait_set_random_order.cpp.o[0m
[54.891s] [ 41%] [32mBuilding CXX object CMakeFiles/executor_random_order.dir/src/executor_random_order.cpp.o[0m
[55.616s] [ 45%] [32m[1mLinking CXX executable wait_set_random_order[0m
[55.968s] [ 45%] Built target wait_set_random_order
[62.886s] [ 50%] [32m[1mLinking CXX executable executor_random_order[0m
[63.244s] [ 50%] Built target executor_random_order
[63.294s] [ 54%] [32mBuilding CXX object CMakeFiles/wait_set_topics_with_different_rates.dir/src/wait_set_topics_with_different_rates.cpp.o[0m
[63.295s] [ 58%] [32mBuilding CXX object CMakeFiles/wait_set.dir/src/wait_set.cpp.o[0m
[63.295s] [ 62%] [32mBuilding CXX object CMakeFiles/wait_set_listener.dir/rclcpp_components/node_main_wait_set_listener.cpp.o[0m
[65.899s] [ 66%] [32m[1mLinking CXX executable wait_set_listener[0m
[66.003s] [ 66%] Built target wait_set_listener
[66.101s] [ 70%] [32mBuilding CXX object CMakeFiles/listener.dir/src/listener.cpp.o[0m
[66.107s] [ 75%] [32mBuilding CXX object CMakeFiles/wait_set_talker.dir/rclcpp_components/node_main_wait_set_talker.cpp.o[0m
[68.749s] [ 79%] [32m[1mLinking CXX executable wait_set_talker[0m
[68.922s] [ 79%] Built target wait_set_talker
[72.103s] [ 83%] [32m[1mLinking CXX executable wait_set_topics_with_different_rates[0m
[72.364s] [ 87%] [32m[1mLinking CXX executable wait_set[0m
[72.530s] [ 87%] Built target wait_set_topics_with_different_rates
[72.739s] [ 87%] Built target wait_set
[74.668s] [ 91%] [32m[1mLinking CXX shared library liblistener.so[0m
[75.026s] [ 91%] Built target listener
[75.060s] [ 95%] [32mBuilding CXX object CMakeFiles/wait_set_composed.dir/src/wait_set_composed.cpp.o[0m
[77.237s] [100%] [32m[1mLinking CXX executable wait_set_composed[0m
[77.433s] [100%] Built target wait_set_composed
[77.449s] Invoked command in '/home/vboxuser/ros2_ws/build/examples_rclcpp_wait_set' returned '0': CMAKE_PREFIX_PATH=${CMAKE_PREFIX_PATH}:/home/vboxuser/dobot_ws/install/servo_action:/home/vboxuser/dobot_ws/install/dobot_moveit:/home/vboxuser/dobot_ws/install/dobot_demo:/home/vboxuser/ws_moveit2/install/moveit_configs_utils:/home/vboxuser/ws_moveit2/install/launch_param_builder:/opt/ros/humble /usr/bin/cmake --build /home/vboxuser/ros2_ws/build/examples_rclcpp_wait_set -- -j6 -l6
[77.462s] Invoking command in '/home/vboxuser/ros2_ws/build/examples_rclcpp_wait_set': CMAKE_PREFIX_PATH=${CMAKE_PREFIX_PATH}:/home/vboxuser/dobot_ws/install/servo_action:/home/vboxuser/dobot_ws/install/dobot_moveit:/home/vboxuser/dobot_ws/install/dobot_demo:/home/vboxuser/ws_moveit2/install/moveit_configs_utils:/home/vboxuser/ws_moveit2/install/launch_param_builder:/opt/ros/humble /usr/bin/cmake --install /home/vboxuser/ros2_ws/build/examples_rclcpp_wait_set
[77.474s] -- Install configuration: ""
[77.475s] -- Execute custom install script
[77.475s] -- Symlinking: /home/vboxuser/ros2_ws/install/examples_rclcpp_wait_set/lib/examples_rclcpp_wait_set/wait_set_talker
[77.487s] -- Symlinking: /home/vboxuser/ros2_ws/install/examples_rclcpp_wait_set/lib/examples_rclcpp_wait_set/wait_set_listener
[77.499s] -- Symlinking: /home/vboxuser/ros2_ws/install/examples_rclcpp_wait_set/lib/libtalker.so
[77.510s] -- Symlinking: /home/vboxuser/ros2_ws/install/examples_rclcpp_wait_set/lib/liblistener.so
[77.522s] -- Symlinking: /home/vboxuser/ros2_ws/install/examples_rclcpp_wait_set/lib/examples_rclcpp_wait_set/wait_set
[77.533s] -- Symlinking: /home/vboxuser/ros2_ws/install/examples_rclcpp_wait_set/lib/examples_rclcpp_wait_set/static_wait_set
[77.546s] -- Symlinking: /home/vboxuser/ros2_ws/install/examples_rclcpp_wait_set/lib/examples_rclcpp_wait_set/thread_safe_wait_set
[77.568s] -- Symlinking: /home/vboxuser/ros2_ws/install/examples_rclcpp_wait_set/lib/examples_rclcpp_wait_set/wait_set_topics_and_timer
[77.582s] -- Symlinking: /home/vboxuser/ros2_ws/install/examples_rclcpp_wait_set/lib/examples_rclcpp_wait_set/wait_set_random_order
[77.595s] -- Symlinking: /home/vboxuser/ros2_ws/install/examples_rclcpp_wait_set/lib/examples_rclcpp_wait_set/executor_random_order
[77.607s] -- Symlinking: /home/vboxuser/ros2_ws/install/examples_rclcpp_wait_set/lib/examples_rclcpp_wait_set/wait_set_topics_with_different_rates
[77.619s] -- Symlinking: /home/vboxuser/ros2_ws/install/examples_rclcpp_wait_set/lib/examples_rclcpp_wait_set/wait_set_composed
[77.629s] -- Symlinking: /home/vboxuser/ros2_ws/install/examples_rclcpp_wait_set/share/ament_index/resource_index/package_run_dependencies/examples_rclcpp_wait_set
[77.641s] -- Symlinking: /home/vboxuser/ros2_ws/install/examples_rclcpp_wait_set/share/ament_index/resource_index/parent_prefix_path/examples_rclcpp_wait_set
[77.652s] -- Symlinking: /home/vboxuser/ros2_ws/install/examples_rclcpp_wait_set/share/examples_rclcpp_wait_set/environment/ament_prefix_path.sh
[77.666s] -- Symlinking: /home/vboxuser/ros2_ws/install/examples_rclcpp_wait_set/share/examples_rclcpp_wait_set/environment/ament_prefix_path.dsv
[77.677s] -- Symlinking: /home/vboxuser/ros2_ws/install/examples_rclcpp_wait_set/share/examples_rclcpp_wait_set/environment/path.sh
[77.687s] -- Symlinking: /home/vboxuser/ros2_ws/install/examples_rclcpp_wait_set/share/examples_rclcpp_wait_set/environment/path.dsv
[77.699s] -- Symlinking: /home/vboxuser/ros2_ws/install/examples_rclcpp_wait_set/share/examples_rclcpp_wait_set/local_setup.bash
[77.712s] -- Symlinking: /home/vboxuser/ros2_ws/install/examples_rclcpp_wait_set/share/examples_rclcpp_wait_set/local_setup.sh
[77.723s] -- Symlinking: /home/vboxuser/ros2_ws/install/examples_rclcpp_wait_set/share/examples_rclcpp_wait_set/local_setup.zsh
[77.735s] -- Symlinking: /home/vboxuser/ros2_ws/install/examples_rclcpp_wait_set/share/examples_rclcpp_wait_set/local_setup.dsv
[77.745s] -- Symlinking: /home/vboxuser/ros2_ws/install/examples_rclcpp_wait_set/share/examples_rclcpp_wait_set/package.dsv
[77.759s] -- Symlinking: /home/vboxuser/ros2_ws/install/examples_rclcpp_wait_set/share/ament_index/resource_index/packages/examples_rclcpp_wait_set
[77.775s] -- Symlinking: /home/vboxuser/ros2_ws/install/examples_rclcpp_wait_set/share/ament_index/resource_index/rclcpp_components/examples_rclcpp_wait_set
[77.787s] -- Symlinking: /home/vboxuser/ros2_ws/install/examples_rclcpp_wait_set/share/examples_rclcpp_wait_set/cmake/examples_rclcpp_wait_setConfig.cmake
[77.799s] -- Symlinking: /home/vboxuser/ros2_ws/install/examples_rclcpp_wait_set/share/examples_rclcpp_wait_set/cmake/examples_rclcpp_wait_setConfig-version.cmake
[77.810s] -- Symlinking: /home/vboxuser/ros2_ws/install/examples_rclcpp_wait_set/share/examples_rclcpp_wait_set/package.xml
[77.826s] Invoked command in '/home/vboxuser/ros2_ws/build/examples_rclcpp_wait_set' returned '0': CMAKE_PREFIX_PATH=${CMAKE_PREFIX_PATH}:/home/vboxuser/dobot_ws/install/servo_action:/home/vboxuser/dobot_ws/install/dobot_moveit:/home/vboxuser/dobot_ws/install/dobot_demo:/home/vboxuser/ws_moveit2/install/moveit_configs_utils:/home/vboxuser/ws_moveit2/install/launch_param_builder:/opt/ros/humble /usr/bin/cmake --install /home/vboxuser/ros2_ws/build/examples_rclcpp_wait_set
