[2.362s] Invoking command in '/home/vboxuser/ros2_ws/build/examples_rclpy_guard_conditions': PYTHONPATH=/home/vboxuser/ros2_ws/build/examples_rclpy_guard_conditions/prefix_override:/usr/lib/python3/dist-packages/colcon_core/task/python/colcon_distutils_commands:/home/vboxuser/ros2_ws/install/examples_rclpy_guard_conditions/lib/python3.10/site-packages:${PYTHONPATH} /usr/bin/python3 -W ignore:setup.py install is deprecated -W ignore:easy_install command is deprecated setup.py develop --editable --build-directory /home/vboxuser/ros2_ws/build/examples_rclpy_guard_conditions/build --no-deps symlink_data
[2.844s] running develop
[3.184s] running egg_info
[3.184s] creating examples_rclpy_guard_conditions.egg-info
[3.184s] writing examples_rclpy_guard_conditions.egg-info/PKG-INFO
[3.184s] writing dependency_links to examples_rclpy_guard_conditions.egg-info/dependency_links.txt
[3.184s] writing entry points to examples_rclpy_guard_conditions.egg-info/entry_points.txt
[3.184s] writing requirements to examples_rclpy_guard_conditions.egg-info/requires.txt
[3.184s] writing top-level names to examples_rclpy_guard_conditions.egg-info/top_level.txt
[3.191s] writing manifest file 'examples_rclpy_guard_conditions.egg-info/SOURCES.txt'
[3.199s] reading manifest file 'examples_rclpy_guard_conditions.egg-info/SOURCES.txt'
[3.200s] writing manifest file 'examples_rclpy_guard_conditions.egg-info/SOURCES.txt'
[3.203s] running build_ext
[3.204s] Creating /home/vboxuser/ros2_ws/install/examples_rclpy_guard_conditions/lib/python3.10/site-packages/examples-rclpy-guard-conditions.egg-link (link to .)
[3.206s] Installing trigger_guard_condition script to /home/vboxuser/ros2_ws/install/examples_rclpy_guard_conditions/lib/examples_rclpy_guard_conditions
[3.206s] 
[3.206s] Installed /home/vboxuser/ros2_ws/build/examples_rclpy_guard_conditions
[3.206s] running symlink_data
[3.207s] creating /home/vboxuser/ros2_ws/install/examples_rclpy_guard_conditions/share/ament_index
[3.207s] creating /home/vboxuser/ros2_ws/install/examples_rclpy_guard_conditions/share/ament_index/resource_index
[3.207s] creating /home/vboxuser/ros2_ws/install/examples_rclpy_guard_conditions/share/ament_index/resource_index/packages
[3.207s] symbolically linking /home/vboxuser/ros2_ws/build/examples_rclpy_guard_conditions/resource/examples_rclpy_guard_conditions -> /home/vboxuser/ros2_ws/install/examples_rclpy_guard_conditions/share/ament_index/resource_index/packages
[3.207s] symbolically linking /home/vboxuser/ros2_ws/build/examples_rclpy_guard_conditions/package.xml -> /home/vboxuser/ros2_ws/install/examples_rclpy_guard_conditions/share/examples_rclpy_guard_conditions
[3.280s] Invoked command in '/home/vboxuser/ros2_ws/build/examples_rclpy_guard_conditions' returned '0': PYTHONPATH=/home/vboxuser/ros2_ws/build/examples_rclpy_guard_conditions/prefix_override:/usr/lib/python3/dist-packages/colcon_core/task/python/colcon_distutils_commands:/home/vboxuser/ros2_ws/install/examples_rclpy_guard_conditions/lib/python3.10/site-packages:${PYTHONPATH} /usr/bin/python3 -W ignore:setup.py install is deprecated -W ignore:easy_install command is deprecated setup.py develop --editable --build-directory /home/vboxuser/ros2_ws/build/examples_rclpy_guard_conditions/build --no-deps symlink_data
